TN:
SF:src\components\candlestick-chart\candlestick-chart.tsx
FN:20,(anonymous_0)
FN:27,(anonymous_1)
FN:28,(anonymous_2)
FN:31,(anonymous_3)
FN:35,(anonymous_4)
FNF:5
FNH:5
FNDA:2,(anonymous_0)
FNDA:4,(anonymous_1)
FNDA:4,(anonymous_2)
FNDA:20,(anonymous_3)
FNDA:4,(anonymous_4)
DA:20,1
DA:27,4
DA:28,4
DA:29,2
DA:31,20
DA:33,2
DA:36,4
DA:37,4
DA:38,4
LF:9
LH:9
BRDA:22,0,0,2
BRDA:23,1,0,2
BRDA:24,2,0,2
BRDA:25,3,0,2
BRDA:31,4,0,20
BRDA:31,4,1,0
BRDA:54,5,0,4
BRDA:54,5,1,0
BRDA:55,6,0,2
BRDA:55,6,1,2
BRF:10
BRH:8
end_of_record
TN:
SF:src\components\gauge-chart\gauge-chart.tsx
FN:14,(anonymous_0)
FNF:1
FNH:1
FNDA:2,(anonymous_0)
DA:14,1
DA:23,2
DA:24,2
DA:25,2
DA:26,2
DA:29,2
DA:30,2
DA:31,2
DA:32,2
DA:33,2
DA:34,2
DA:36,2
LF:12
LH:12
BRDA:16,0,0,2
BRDA:17,1,0,2
BRDA:18,2,0,2
BRDA:19,3,0,2
BRDA:20,4,0,2
BRDA:21,5,0,2
BRDA:26,6,0,2
BRDA:26,6,1,0
BRDA:33,7,0,0
BRDA:33,7,1,2
BRF:10
BRH:8
end_of_record
TN:
SF:src\components\heatmap\heatmap.tsx
FN:12,getColor
FN:18,(anonymous_1)
FN:40,(anonymous_2)
FN:41,(anonymous_3)
FNF:4
FNH:4
FNDA:12,getColor
FNDA:3,(anonymous_1)
FNDA:6,(anonymous_2)
FNDA:12,(anonymous_3)
DA:13,12
DA:15,12
DA:18,1
DA:25,3
DA:26,3
DA:27,3
DA:28,3
DA:29,3
DA:30,3
DA:32,3
DA:41,6
DA:42,12
LF:12
LH:12
BRDA:13,0,0,12
BRDA:13,0,1,0
BRDA:15,1,0,12
BRDA:15,1,1,0
BRDA:20,2,0,3
BRDA:21,3,0,3
BRDA:22,4,0,3
BRDA:23,5,0,3
BRDA:26,6,0,3
BRDA:26,6,1,0
BRF:10
BRH:7
end_of_record
TN:
SF:src\components\histogram\histogram.tsx
FN:13,(anonymous_0)
FN:25,(anonymous_1)
FN:34,(anonymous_2)
FNF:3
FNH:3
FNDA:2,(anonymous_0)
FNDA:11,(anonymous_1)
FNDA:6,(anonymous_2)
DA:13,1
DA:21,2
DA:22,2
DA:23,2
DA:24,2
DA:25,2
DA:26,11
DA:27,11
DA:29,2
DA:30,2
DA:32,2
DA:35,6
LF:12
LH:12
BRDA:15,0,0,0
BRDA:16,1,0,2
BRDA:17,2,0,2
BRDA:18,3,0,2
BRDA:19,4,0,2
BRF:5
BRH:4
end_of_record
TN:
SF:src\components\pie-chart\pie-chart.tsx
FN:12,describeArc
FN:30,(anonymous_1)
FN:37,(anonymous_2)
FN:45,(anonymous_3)
FNF:4
FNH:4
FNDA:4,describeArc
FNDA:2,(anonymous_1)
FNDA:4,(anonymous_2)
FNDA:4,(anonymous_3)
DA:13,4
DA:17,4
DA:21,4
DA:22,4
DA:30,1
DA:37,4
DA:38,2
DA:39,2
DA:40,2
DA:41,2
DA:43,2
DA:46,4
DA:47,4
DA:48,4
DA:49,4
DA:51,4
DA:60,4
DA:61,4
LF:18
LH:18
BRDA:21,0,0,2
BRDA:21,0,1,2
BRDA:32,1,0,2
BRDA:33,2,0,2
BRDA:34,3,0,2
BRDA:35,4,0,2
BRDA:49,5,0,4
BRDA:49,5,1,4
BRF:8
BRH:8
end_of_record
