{"C:\\Users\\ACER\\Desktop\\react-animated-charts\\src\\components\\area-chart\\area-chart.css": {"path":"C:\\Users\\ACER\\Desktop\\react-animated-charts\\src\\components\\area-chart\\area-chart.css","statementMap":{"0":{"start":{"line":1,"column":21},"end":{"line":1,"column":453}},"1":{"start":{"line":2,"column":0},"end":{"line":2,"column":30}}},"fnMap":{},"branchMap":{},"s":{"0":1,"1":1},"f":{},"b":{},"_coverageSchema":"1a1c01bbd47fc00a2c39e90264f33305004495a9","hash":"51c95321a0f8e1a7528070fbbe3242b766a1635f"}
,"C:\\Users\\ACER\\Desktop\\react-animated-charts\\src\\components\\area-chart\\area-chart.tsx": {"path":"C:\\Users\\ACER\\Desktop\\react-animated-charts\\src\\components\\area-chart\\area-chart.tsx","statementMap":{"0":{"start":{"line":1,"column":0},"end":{"line":1,"column":60}},"1":{"start":{"line":2,"column":0},"end":{"line":2,"column":26}},"2":{"start":{"line":11,"column":10},"end":{"line":11,"column":30}},"3":{"start":{"line":12,"column":10},"end":{"line":12,"column":32}},"4":{"start":{"line":13,"column":10},"end":{"line":13,"column":36}},"5":{"start":{"line":14,"column":10},"end":{"line":14,"column":31}},"6":{"start":{"line":24,"column":2},"end":{"line":28,"column":4}},"7":{"start":{"line":25,"column":4},"end":{"line":27,"column":5}},"8":{"start":{"line":26,"column":6},"end":{"line":26,"column":35}},"9":{"start":{"line":18,"column":4},"end":{"line":18,"column":24}},"10":{"start":{"line":19,"column":4},"end":{"line":19,"column":57}},"11":{"start":{"line":22,"column":4},"end":{"line":22,"column":60}},"12":{"start":{"line":31,"column":4},"end":{"line":31,"column":41}},"13":{"start":{"line":31,"column":29},"end":{"line":31,"column":41}},"14":{"start":{"line":32,"column":4},"end":{"line":38,"column":5}},"15":{"start":{"line":33,"column":6},"end":{"line":37,"column":7}},"16":{"start":{"line":34,"column":8},"end":{"line":34,"column":32}},"17":{"start":{"line":36,"column":8},"end":{"line":36,"column":31}},"18":{"start":{"line":39,"column":4},"end":{"line":39,"column":14}},"19":{"start":{"line":43,"column":17},"end":{"line":43,"column":47}},"20":{"start":{"line":44,"column":16},"end":{"line":44,"column":36}},"21":{"start":{"line":45,"column":4},"end":{"line":45,"column":101}},"22":{"start":{"line":45,"column":30},"end":{"line":45,"column":89}},"23":{"start":{"line":49,"column":19},"end":{"line":49,"column":35}},"24":{"start":{"line":50,"column":4},"end":{"line":50,"column":37}},"25":{"start":{"line":54,"column":17},"end":{"line":54,"column":47}},"26":{"start":{"line":55,"column":19},"end":{"line":55,"column":51}},"27":{"start":{"line":56,"column":4},"end":{"line":82,"column":6}},"28":{"start":{"line":76,"column":14},"end":{"line":76,"column":38}},"29":{"start":{"line":4,"column":0},"end":{"line":4,"column":null}}},"fnMap":{"0":{"name":"(anonymous_0)","decl":{"start":{"line":4,"column":0},"end":{"line":4,"column":null}},"loc":{"start":{"line":4,"column":0},"end":{"line":84,"column":null}}},"1":{"name":"(anonymous_1)","decl":{"start":{"line":24,"column":17},"end":{"line":24,"column":20}},"loc":{"start":{"line":24,"column":22},"end":{"line":28,"column":3}}},"2":{"name":"(anonymous_2)","decl":{"start":{"line":17,"column":2},"end":{"line":17,"column":18}},"loc":{"start":{"line":17,"column":18},"end":{"line":20,"column":3}}},"3":{"name":"(anonymous_3)","decl":{"start":{"line":21,"column":2},"end":{"line":21,"column":22}},"loc":{"start":{"line":21,"column":22},"end":{"line":23,"column":3}}},"4":{"name":"(anonymous_4)","decl":{"start":{"line":30,"column":2},"end":{"line":30,"column":16}},"loc":{"start":{"line":30,"column":26},"end":{"line":40,"column":3}}},"5":{"name":"(anonymous_5)","decl":{"start":{"line":42,"column":2},"end":{"line":42,"column":11}},"loc":{"start":{"line":42,"column":11},"end":{"line":46,"column":3}}},"6":{"name":"(anonymous_6)","decl":{"start":{"line":45,"column":20},"end":{"line":45,"column":21}},"loc":{"start":{"line":45,"column":30},"end":{"line":45,"column":89}}},"7":{"name":"(anonymous_7)","decl":{"start":{"line":48,"column":2},"end":{"line":48,"column":15}},"loc":{"start":{"line":48,"column":15},"end":{"line":51,"column":3}}},"8":{"name":"(anonymous_8)","decl":{"start":{"line":53,"column":2},"end":{"line":53,"column":8}},"loc":{"start":{"line":53,"column":8},"end":{"line":83,"column":3}}},"9":{"name":"(anonymous_9)","decl":{"start":{"line":75,"column":24},"end":{"line":75,"column":25}},"loc":{"start":{"line":76,"column":14},"end":{"line":76,"column":38}}}},"branchMap":{"0":{"loc":{"start":{"line":25,"column":4},"end":{"line":27,"column":5}},"type":"if","locations":[{"start":{"line":25,"column":4},"end":{"line":27,"column":5}}]},"1":{"loc":{"start":{"line":31,"column":4},"end":{"line":31,"column":41}},"type":"if","locations":[{"start":{"line":31,"column":4},"end":{"line":31,"column":41}}]},"2":{"loc":{"start":{"line":32,"column":4},"end":{"line":38,"column":5}},"type":"if","locations":[{"start":{"line":32,"column":4},"end":{"line":38,"column":5}}]},"3":{"loc":{"start":{"line":58,"column":9},"end":{"line":58,"column":76}},"type":"binary-expr","locations":[{"start":{"line":58,"column":9},"end":{"line":58,"column":24}},{"start":{"line":58,"column":28},"end":{"line":58,"column":76}}]}},"s":{"0":1,"1":1,"2":5,"3":5,"4":5,"5":5,"6":5,"7":5,"8":5,"9":5,"10":5,"11":4,"12":20,"13":20,"14":0,"15":0,"16":0,"17":0,"18":0,"19":10,"20":10,"21":10,"22":18,"23":5,"24":5,"25":5,"26":5,"27":5,"28":9,"29":1},"f":{"0":5,"1":5,"2":5,"3":4,"4":20,"5":10,"6":18,"7":5,"8":5,"9":9},"b":{"0":[5],"1":[20],"2":[0],"3":[5,2]}}
,"C:\\Users\\ACER\\Desktop\\react-animated-charts\\src\\components\\bar-chart\\bar-chart.css": {"path":"C:\\Users\\ACER\\Desktop\\react-animated-charts\\src\\components\\bar-chart\\bar-chart.css","statementMap":{"0":{"start":{"line":1,"column":20},"end":{"line":1,"column":603}},"1":{"start":{"line":2,"column":0},"end":{"line":2,"column":29}}},"fnMap":{},"branchMap":{},"s":{"0":1,"1":1},"f":{},"b":{},"_coverageSchema":"1a1c01bbd47fc00a2c39e90264f33305004495a9","hash":"57361781712469fff02403c13c18e78efc1c5133"}
,"C:\\Users\\ACER\\Desktop\\react-animated-charts\\src\\components\\bar-chart\\bar-chart.tsx": {"path":"C:\\Users\\ACER\\Desktop\\react-animated-charts\\src\\components\\bar-chart\\bar-chart.tsx","statementMap":{"0":{"start":{"line":1,"column":0},"end":{"line":1,"column":51}},"1":{"start":{"line":2,"column":0},"end":{"line":2,"column":25}},"2":{"start":{"line":10,"column":10},"end":{"line":10,"column":30}},"3":{"start":{"line":11,"column":10},"end":{"line":11,"column":32}},"4":{"start":{"line":12,"column":10},"end":{"line":12,"column":32}},"5":{"start":{"line":13,"column":10},"end":{"line":13,"column":31}},"6":{"start":{"line":17,"column":4},"end":{"line":17,"column":41}},"7":{"start":{"line":17,"column":29},"end":{"line":17,"column":41}},"8":{"start":{"line":18,"column":4},"end":{"line":24,"column":5}},"9":{"start":{"line":19,"column":6},"end":{"line":23,"column":7}},"10":{"start":{"line":20,"column":8},"end":{"line":20,"column":32}},"11":{"start":{"line":22,"column":8},"end":{"line":22,"column":31}},"12":{"start":{"line":25,"column":4},"end":{"line":25,"column":14}},"13":{"start":{"line":29,"column":17},"end":{"line":29,"column":47}},"14":{"start":{"line":30,"column":19},"end":{"line":30,"column":51}},"15":{"start":{"line":31,"column":19},"end":{"line":31,"column":51}},"16":{"start":{"line":32,"column":4},"end":{"line":32,"column":85}},"17":{"start":{"line":33,"column":16},"end":{"line":33,"column":36}},"18":{"start":{"line":34,"column":4},"end":{"line":54,"column":6}},"19":{"start":{"line":39,"column":12},"end":{"line":48,"column":null}},"20":{"start":{"line":4,"column":0},"end":{"line":4,"column":null}}},"fnMap":{"0":{"name":"(anonymous_0)","decl":{"start":{"line":4,"column":0},"end":{"line":4,"column":null}},"loc":{"start":{"line":4,"column":0},"end":{"line":56,"column":null}}},"1":{"name":"(anonymous_1)","decl":{"start":{"line":16,"column":2},"end":{"line":16,"column":16}},"loc":{"start":{"line":16,"column":26},"end":{"line":26,"column":3}}},"2":{"name":"(anonymous_2)","decl":{"start":{"line":28,"column":2},"end":{"line":28,"column":8}},"loc":{"start":{"line":28,"column":8},"end":{"line":55,"column":3}}},"3":{"name":"(anonymous_3)","decl":{"start":{"line":38,"column":20},"end":{"line":38,"column":21}},"loc":{"start":{"line":39,"column":12},"end":{"line":48,"column":null}}}},"branchMap":{"0":{"loc":{"start":{"line":17,"column":4},"end":{"line":17,"column":41}},"type":"if","locations":[{"start":{"line":17,"column":4},"end":{"line":17,"column":41}}]},"1":{"loc":{"start":{"line":18,"column":4},"end":{"line":24,"column":5}},"type":"if","locations":[{"start":{"line":18,"column":4},"end":{"line":24,"column":5}}]},"2":{"loc":{"start":{"line":36,"column":9},"end":{"line":36,"column":76}},"type":"binary-expr","locations":[{"start":{"line":36,"column":9},"end":{"line":36,"column":24}},{"start":{"line":36,"column":28},"end":{"line":36,"column":76}}]},"3":{"loc":{"start":{"line":39,"column":44},"end":{"line":39,"column":58}},"type":"binary-expr","locations":[{"start":{"line":39,"column":44},"end":{"line":39,"column":53}},{"start":{"line":39,"column":57},"end":{"line":39,"column":58}}]},"4":{"loc":{"start":{"line":44,"column":30},"end":{"line":44,"column":52}},"type":"binary-expr","locations":[{"start":{"line":44,"column":30},"end":{"line":44,"column":39}},{"start":{"line":44,"column":43},"end":{"line":44,"column":52}}]}},"s":{"0":1,"1":1,"2":5,"3":5,"4":5,"5":5,"6":15,"7":15,"8":0,"9":0,"10":0,"11":0,"12":0,"13":5,"14":5,"15":5,"16":5,"17":5,"18":5,"19":9,"20":1},"f":{"0":5,"1":15,"2":5,"3":9},"b":{"0":[15],"1":[0],"2":[5,2],"3":[9,0],"4":[9,7]}}
,"C:\\Users\\ACER\\Desktop\\react-animated-charts\\src\\components\\bubble-chart\\bubble-chart.css": {"path":"C:\\Users\\ACER\\Desktop\\react-animated-charts\\src\\components\\bubble-chart\\bubble-chart.css","statementMap":{"0":{"start":{"line":1,"column":23},"end":{"line":1,"column":104}},"1":{"start":{"line":2,"column":0},"end":{"line":2,"column":32}}},"fnMap":{},"branchMap":{},"s":{"0":1,"1":1},"f":{},"b":{},"_coverageSchema":"1a1c01bbd47fc00a2c39e90264f33305004495a9","hash":"5fc9a5b11f1b41537218328827690687fada355c"}
,"C:\\Users\\ACER\\Desktop\\react-animated-charts\\src\\components\\bubble-chart\\bubble-chart.tsx": {"path":"C:\\Users\\ACER\\Desktop\\react-animated-charts\\src\\components\\bubble-chart\\bubble-chart.tsx","statementMap":{"0":{"start":{"line":1,"column":0},"end":{"line":1,"column":40}},"1":{"start":{"line":2,"column":0},"end":{"line":2,"column":56}},"2":{"start":{"line":3,"column":0},"end":{"line":3,"column":28}},"3":{"start":{"line":16,"column":55},"end":{"line":152,"column":1}},"4":{"start":{"line":27,"column":15},"end":{"line":27,"column":48}},"5":{"start":{"line":27,"column":43},"end":{"line":27,"column":46}},"6":{"start":{"line":28,"column":15},"end":{"line":28,"column":48}},"7":{"start":{"line":28,"column":43},"end":{"line":28,"column":46}},"8":{"start":{"line":29,"column":15},"end":{"line":29,"column":48}},"9":{"start":{"line":29,"column":43},"end":{"line":29,"column":46}},"10":{"start":{"line":30,"column":15},"end":{"line":30,"column":48}},"11":{"start":{"line":30,"column":43},"end":{"line":30,"column":46}},"12":{"start":{"line":33,"column":18},"end":{"line":33,"column":20}},"13":{"start":{"line":34,"column":20},"end":{"line":34,"column":39}},"14":{"start":{"line":35,"column":21},"end":{"line":35,"column":41}},"15":{"start":{"line":38,"column":17},"end":{"line":38,"column":87}},"16":{"start":{"line":38,"column":32},"end":{"line":38,"column":87}},"17":{"start":{"line":39,"column":17},"end":{"line":39,"column":97}},"18":{"start":{"line":39,"column":32},"end":{"line":39,"column":97}},"19":{"start":{"line":42,"column":32},"end":{"line":42,"column":139}},"20":{"start":{"line":45,"column":20},"end":{"line":45,"column":21}},"21":{"start":{"line":46,"column":17},"end":{"line":46,"column":106}},"22":{"start":{"line":46,"column":61},"end":{"line":46,"column":105}},"23":{"start":{"line":47,"column":17},"end":{"line":47,"column":106}},"24":{"start":{"line":47,"column":61},"end":{"line":47,"column":105}},"25":{"start":{"line":49,"column":2},"end":{"line":151,"column":4}},"26":{"start":{"line":61,"column":10},"end":{"line":68,"column":null}},"27":{"start":{"line":72,"column":10},"end":{"line":79,"column":null}},"28":{"start":{"line":92,"column":10},"end":{"line":100,"column":null}},"29":{"start":{"line":104,"column":10},"end":{"line":112,"column":null}},"30":{"start":{"line":118,"column":12},"end":{"line":134,"column":null}},"31":{"start":{"line":130,"column":34},"end":{"line":130,"column":155}},"32":{"start":{"line":131,"column":29},"end":{"line":131,"column":150}},"33":{"start":{"line":132,"column":34},"end":{"line":132,"column":50}},"34":{"start":{"line":133,"column":28},"end":{"line":133,"column":44}},"35":{"start":{"line":16,"column":13},"end":{"line":16,"column":55}}},"fnMap":{"0":{"name":"(anonymous_0)","decl":{"start":{"line":16,"column":55},"end":{"line":16,"column":56}},"loc":{"start":{"line":25,"column":5},"end":{"line":152,"column":1}}},"1":{"name":"(anonymous_1)","decl":{"start":{"line":27,"column":36},"end":{"line":27,"column":37}},"loc":{"start":{"line":27,"column":43},"end":{"line":27,"column":46}}},"2":{"name":"(anonymous_2)","decl":{"start":{"line":28,"column":36},"end":{"line":28,"column":37}},"loc":{"start":{"line":28,"column":43},"end":{"line":28,"column":46}}},"3":{"name":"(anonymous_3)","decl":{"start":{"line":29,"column":36},"end":{"line":29,"column":37}},"loc":{"start":{"line":29,"column":43},"end":{"line":29,"column":46}}},"4":{"name":"(anonymous_4)","decl":{"start":{"line":30,"column":36},"end":{"line":30,"column":37}},"loc":{"start":{"line":30,"column":43},"end":{"line":30,"column":46}}},"5":{"name":"(anonymous_5)","decl":{"start":{"line":38,"column":17},"end":{"line":38,"column":18}},"loc":{"start":{"line":38,"column":32},"end":{"line":38,"column":87}}},"6":{"name":"(anonymous_6)","decl":{"start":{"line":39,"column":17},"end":{"line":39,"column":18}},"loc":{"start":{"line":39,"column":32},"end":{"line":39,"column":97}}},"7":{"name":"(anonymous_7)","decl":{"start":{"line":46,"column":51},"end":{"line":46,"column":52}},"loc":{"start":{"line":46,"column":61},"end":{"line":46,"column":105}}},"8":{"name":"(anonymous_8)","decl":{"start":{"line":47,"column":51},"end":{"line":47,"column":52}},"loc":{"start":{"line":47,"column":61},"end":{"line":47,"column":105}}},"9":{"name":"(anonymous_9)","decl":{"start":{"line":60,"column":20},"end":{"line":60,"column":21}},"loc":{"start":{"line":61,"column":10},"end":{"line":68,"column":null}}},"10":{"name":"(anonymous_10)","decl":{"start":{"line":71,"column":20},"end":{"line":71,"column":21}},"loc":{"start":{"line":72,"column":10},"end":{"line":79,"column":null}}},"11":{"name":"(anonymous_11)","decl":{"start":{"line":91,"column":20},"end":{"line":91,"column":21}},"loc":{"start":{"line":92,"column":10},"end":{"line":100,"column":null}}},"12":{"name":"(anonymous_12)","decl":{"start":{"line":103,"column":20},"end":{"line":103,"column":21}},"loc":{"start":{"line":104,"column":10},"end":{"line":112,"column":null}}},"13":{"name":"(anonymous_13)","decl":{"start":{"line":117,"column":20},"end":{"line":117,"column":21}},"loc":{"start":{"line":118,"column":12},"end":{"line":134,"column":null}}},"14":{"name":"(anonymous_14)","decl":{"start":{"line":130,"column":28},"end":{"line":130,"column":31}},"loc":{"start":{"line":130,"column":34},"end":{"line":130,"column":155}}},"15":{"name":"(anonymous_15)","decl":{"start":{"line":131,"column":23},"end":{"line":131,"column":26}},"loc":{"start":{"line":131,"column":29},"end":{"line":131,"column":150}}},"16":{"name":"(anonymous_16)","decl":{"start":{"line":132,"column":28},"end":{"line":132,"column":31}},"loc":{"start":{"line":132,"column":34},"end":{"line":132,"column":50}}},"17":{"name":"(anonymous_17)","decl":{"start":{"line":133,"column":22},"end":{"line":133,"column":25}},"loc":{"start":{"line":133,"column":28},"end":{"line":133,"column":44}}}},"branchMap":{"0":{"loc":{"start":{"line":18,"column":2},"end":{"line":18,"column":13}},"type":"default-arg","locations":[{"start":{"line":18,"column":10},"end":{"line":18,"column":13}}]},"1":{"loc":{"start":{"line":19,"column":2},"end":{"line":19,"column":14}},"type":"default-arg","locations":[{"start":{"line":19,"column":11},"end":{"line":19,"column":14}}]},"2":{"loc":{"start":{"line":20,"column":2},"end":{"line":20,"column":22}},"type":"default-arg","locations":[{"start":{"line":20,"column":11},"end":{"line":20,"column":22}}]},"3":{"loc":{"start":{"line":21,"column":2},"end":{"line":21,"column":25}},"type":"default-arg","locations":[{"start":{"line":21,"column":22},"end":{"line":21,"column":25}}]},"4":{"loc":{"start":{"line":22,"column":2},"end":{"line":22,"column":19}},"type":"default-arg","locations":[{"start":{"line":22,"column":11},"end":{"line":22,"column":19}}]},"5":{"loc":{"start":{"line":23,"column":2},"end":{"line":23,"column":19}},"type":"default-arg","locations":[{"start":{"line":23,"column":11},"end":{"line":23,"column":19}}]},"6":{"loc":{"start":{"line":24,"column":2},"end":{"line":24,"column":28}},"type":"default-arg","locations":[{"start":{"line":24,"column":14},"end":{"line":24,"column":28}}]},"7":{"loc":{"start":{"line":38,"column":57},"end":{"line":38,"column":73}},"type":"binary-expr","locations":[{"start":{"line":38,"column":57},"end":{"line":38,"column":68}},{"start":{"line":38,"column":72},"end":{"line":38,"column":73}}]},"8":{"loc":{"start":{"line":39,"column":66},"end":{"line":39,"column":82}},"type":"binary-expr","locations":[{"start":{"line":39,"column":66},"end":{"line":39,"column":77}},{"start":{"line":39,"column":81},"end":{"line":39,"column":82}}]},"9":{"loc":{"start":{"line":123,"column":20},"end":{"line":123,"column":60}},"type":"binary-expr","locations":[{"start":{"line":123,"column":20},"end":{"line":123,"column":31}},{"start":{"line":123,"column":35},"end":{"line":123,"column":60}}]},"10":{"loc":{"start":{"line":129,"column":26},"end":{"line":129,"column":88}},"type":"binary-expr","locations":[{"start":{"line":129,"column":26},"end":{"line":129,"column":37}},{"start":{"line":129,"column":41},"end":{"line":129,"column":88}}]},"11":{"loc":{"start":{"line":139,"column":9},"end":{"line":147,"column":null}},"type":"binary-expr","locations":[{"start":{"line":139,"column":9},"end":{"line":139,"column":16}},{"start":{"line":140,"column":10},"end":{"line":146,"column":null}}]},"12":{"loc":{"start":{"line":142,"column":15},"end":{"line":142,"column":86}},"type":"binary-expr","locations":[{"start":{"line":142,"column":15},"end":{"line":142,"column":28}},{"start":{"line":142,"column":32},"end":{"line":142,"column":86}}]}},"s":{"0":1,"1":1,"2":1,"3":1,"4":0,"5":0,"6":0,"7":0,"8":0,"9":0,"10":0,"11":0,"12":0,"13":0,"14":0,"15":0,"16":0,"17":0,"18":0,"19":0,"20":0,"21":0,"22":0,"23":0,"24":0,"25":0,"26":0,"27":0,"28":0,"29":0,"30":0,"31":0,"32":0,"33":0,"34":0,"35":1},"f":{"0":0,"1":0,"2":0,"3":0,"4":0,"5":0,"6":0,"7":0,"8":0,"9":0,"10":0,"11":0,"12":0,"13":0,"14":0,"15":0,"16":0,"17":0},"b":{"0":[0],"1":[0],"2":[0],"3":[0],"4":[0],"5":[0],"6":[0],"7":[0,0],"8":[0,0],"9":[0,0],"10":[0,0],"11":[0,0],"12":[0,0]}}
,"C:\\Users\\ACER\\Desktop\\react-animated-charts\\src\\components\\candlestick-chart\\candlestick-chart.css": {"path":"C:\\Users\\ACER\\Desktop\\react-animated-charts\\src\\components\\candlestick-chart\\candlestick-chart.css","statementMap":{"0":{"start":{"line":1,"column":28},"end":{"line":1,"column":114}},"1":{"start":{"line":2,"column":0},"end":{"line":2,"column":37}}},"fnMap":{},"branchMap":{},"s":{"0":1,"1":1},"f":{},"b":{},"_coverageSchema":"1a1c01bbd47fc00a2c39e90264f33305004495a9","hash":"a3f2e31be9b38e84efc39cc2673536d99d48fccc"}
,"C:\\Users\\ACER\\Desktop\\react-animated-charts\\src\\components\\candlestick-chart\\candlestick-chart.tsx": {"path":"C:\\Users\\ACER\\Desktop\\react-animated-charts\\src\\components\\candlestick-chart\\candlestick-chart.tsx","statementMap":{"0":{"start":{"line":2,"column":0},"end":{"line":2,"column":33}},"1":{"start":{"line":20,"column":65},"end":{"line":65,"column":1}},"2":{"start":{"line":27,"column":14},"end":{"line":27,"column":47}},"3":{"start":{"line":27,"column":40},"end":{"line":27,"column":45}},"4":{"start":{"line":28,"column":14},"end":{"line":28,"column":48}},"5":{"start":{"line":28,"column":40},"end":{"line":28,"column":46}},"6":{"start":{"line":29,"column":19},"end":{"line":29,"column":44}},"7":{"start":{"line":31,"column":17},"end":{"line":31,"column":100}},"8":{"start":{"line":31,"column":36},"end":{"line":31,"column":100}},"9":{"start":{"line":33,"column":2},"end":{"line":64,"column":4}},"10":{"start":{"line":36,"column":18},"end":{"line":36,"column":82}},"11":{"start":{"line":37,"column":19},"end":{"line":37,"column":36}},"12":{"start":{"line":38,"column":8},"end":{"line":61,"column":10}},"13":{"start":{"line":20,"column":13},"end":{"line":20,"column":65}}},"fnMap":{"0":{"name":"(anonymous_0)","decl":{"start":{"line":20,"column":65},"end":{"line":20,"column":66}},"loc":{"start":{"line":26,"column":5},"end":{"line":65,"column":1}}},"1":{"name":"(anonymous_1)","decl":{"start":{"line":27,"column":35},"end":{"line":27,"column":36}},"loc":{"start":{"line":27,"column":40},"end":{"line":27,"column":45}}},"2":{"name":"(anonymous_2)","decl":{"start":{"line":28,"column":35},"end":{"line":28,"column":36}},"loc":{"start":{"line":28,"column":40},"end":{"line":28,"column":46}}},"3":{"name":"(anonymous_3)","decl":{"start":{"line":31,"column":17},"end":{"line":31,"column":18}},"loc":{"start":{"line":31,"column":36},"end":{"line":31,"column":100}}},"4":{"name":"(anonymous_4)","decl":{"start":{"line":35,"column":16},"end":{"line":35,"column":17}},"loc":{"start":{"line":35,"column":25},"end":{"line":62,"column":7}}}},"branchMap":{"0":{"loc":{"start":{"line":22,"column":2},"end":{"line":22,"column":13}},"type":"default-arg","locations":[{"start":{"line":22,"column":10},"end":{"line":22,"column":13}}]},"1":{"loc":{"start":{"line":23,"column":2},"end":{"line":23,"column":14}},"type":"default-arg","locations":[{"start":{"line":23,"column":11},"end":{"line":23,"column":14}}]},"2":{"loc":{"start":{"line":24,"column":2},"end":{"line":24,"column":33}},"type":"default-arg","locations":[{"start":{"line":24,"column":11},"end":{"line":24,"column":33}}]},"3":{"loc":{"start":{"line":25,"column":2},"end":{"line":25,"column":25}},"type":"default-arg","locations":[{"start":{"line":25,"column":22},"end":{"line":25,"column":25}}]},"4":{"loc":{"start":{"line":31,"column":68},"end":{"line":31,"column":82}},"type":"binary-expr","locations":[{"start":{"line":31,"column":68},"end":{"line":31,"column":77}},{"start":{"line":31,"column":81},"end":{"line":31,"column":82}}]},"5":{"loc":{"start":{"line":54,"column":22},"end":{"line":54,"column":69}},"type":"binary-expr","locations":[{"start":{"line":54,"column":22},"end":{"line":54,"column":64}},{"start":{"line":54,"column":68},"end":{"line":54,"column":69}}]},"6":{"loc":{"start":{"line":55,"column":20},"end":{"line":55,"column":46}},"type":"cond-expr","locations":[{"start":{"line":55,"column":25},"end":{"line":55,"column":34}},{"start":{"line":55,"column":37},"end":{"line":55,"column":46}}]}},"s":{"0":1,"1":1,"2":4,"3":8,"4":4,"5":8,"6":4,"7":4,"8":0,"9":4,"10":0,"11":0,"12":0,"13":1},"f":{"0":4,"1":8,"2":8,"3":0,"4":0},"b":{"0":[4],"1":[4],"2":[4],"3":[4],"4":[0,0],"5":[0,0],"6":[0,0]}}
,"C:\\Users\\ACER\\Desktop\\react-animated-charts\\src\\components\\donut-chart\\donut-chart.css": {"path":"C:\\Users\\ACER\\Desktop\\react-animated-charts\\src\\components\\donut-chart\\donut-chart.css","statementMap":{"0":{"start":{"line":1,"column":22},"end":{"line":1,"column":649}},"1":{"start":{"line":2,"column":0},"end":{"line":2,"column":31}}},"fnMap":{},"branchMap":{},"s":{"0":1,"1":1},"f":{},"b":{},"_coverageSchema":"1a1c01bbd47fc00a2c39e90264f33305004495a9","hash":"c171561eeb9e83f2ad38fbd5b3a2d93224422e78"}
,"C:\\Users\\ACER\\Desktop\\react-animated-charts\\src\\components\\donut-chart\\donut-chart.tsx": {"path":"C:\\Users\\ACER\\Desktop\\react-animated-charts\\src\\components\\donut-chart\\donut-chart.tsx","statementMap":{"0":{"start":{"line":1,"column":0},"end":{"line":1,"column":60}},"1":{"start":{"line":2,"column":0},"end":{"line":2,"column":27}},"2":{"start":{"line":11,"column":10},"end":{"line":11,"column":30}},"3":{"start":{"line":12,"column":10},"end":{"line":12,"column":32}},"4":{"start":{"line":13,"column":10},"end":{"line":13,"column":32}},"5":{"start":{"line":14,"column":10},"end":{"line":14,"column":29}},"6":{"start":{"line":15,"column":10},"end":{"line":15,"column":35}},"7":{"start":{"line":25,"column":2},"end":{"line":29,"column":4}},"8":{"start":{"line":26,"column":4},"end":{"line":28,"column":5}},"9":{"start":{"line":27,"column":6},"end":{"line":27,"column":35}},"10":{"start":{"line":19,"column":4},"end":{"line":19,"column":24}},"11":{"start":{"line":20,"column":4},"end":{"line":20,"column":57}},"12":{"start":{"line":23,"column":4},"end":{"line":23,"column":60}},"13":{"start":{"line":32,"column":4},"end":{"line":32,"column":41}},"14":{"start":{"line":32,"column":29},"end":{"line":32,"column":41}},"15":{"start":{"line":33,"column":4},"end":{"line":39,"column":5}},"16":{"start":{"line":34,"column":6},"end":{"line":38,"column":7}},"17":{"start":{"line":35,"column":8},"end":{"line":35,"column":32}},"18":{"start":{"line":37,"column":8},"end":{"line":37,"column":31}},"19":{"start":{"line":40,"column":4},"end":{"line":40,"column":14}},"20":{"start":{"line":44,"column":17},"end":{"line":44,"column":47}},"21":{"start":{"line":45,"column":19},"end":{"line":45,"column":51}},"22":{"start":{"line":46,"column":19},"end":{"line":46,"column":51}},"23":{"start":{"line":47,"column":18},"end":{"line":47,"column":54}},"24":{"start":{"line":47,"column":40},"end":{"line":47,"column":45}},"25":{"start":{"line":48,"column":17},"end":{"line":48,"column":18}},"26":{"start":{"line":49,"column":19},"end":{"line":49,"column":53}},"27":{"start":{"line":50,"column":26},"end":{"line":50,"column":46}},"28":{"start":{"line":51,"column":4},"end":{"line":88,"column":6}},"29":{"start":{"line":57,"column":27},"end":{"line":57,"column":58}},"30":{"start":{"line":58,"column":32},"end":{"line":58,"column":65}},"31":{"start":{"line":59,"column":35},"end":{"line":59,"column":41}},"32":{"start":{"line":60,"column":14},"end":{"line":60,"column":29}},"33":{"start":{"line":61,"column":14},"end":{"line":74,"column":16}},"34":{"start":{"line":79,"column":14},"end":{"line":81,"column":null}},"35":{"start":{"line":4,"column":0},"end":{"line":4,"column":null}}},"fnMap":{"0":{"name":"(anonymous_0)","decl":{"start":{"line":4,"column":0},"end":{"line":4,"column":null}},"loc":{"start":{"line":4,"column":0},"end":{"line":90,"column":null}}},"1":{"name":"(anonymous_1)","decl":{"start":{"line":25,"column":17},"end":{"line":25,"column":20}},"loc":{"start":{"line":25,"column":22},"end":{"line":29,"column":3}}},"2":{"name":"(anonymous_2)","decl":{"start":{"line":18,"column":2},"end":{"line":18,"column":18}},"loc":{"start":{"line":18,"column":18},"end":{"line":21,"column":3}}},"3":{"name":"(anonymous_3)","decl":{"start":{"line":22,"column":2},"end":{"line":22,"column":22}},"loc":{"start":{"line":22,"column":22},"end":{"line":24,"column":3}}},"4":{"name":"(anonymous_4)","decl":{"start":{"line":31,"column":2},"end":{"line":31,"column":16}},"loc":{"start":{"line":31,"column":26},"end":{"line":41,"column":3}}},"5":{"name":"(anonymous_5)","decl":{"start":{"line":43,"column":2},"end":{"line":43,"column":8}},"loc":{"start":{"line":43,"column":8},"end":{"line":89,"column":3}}},"6":{"name":"(anonymous_6)","decl":{"start":{"line":47,"column":30},"end":{"line":47,"column":31}},"loc":{"start":{"line":47,"column":40},"end":{"line":47,"column":45}}},"7":{"name":"(anonymous_7)","decl":{"start":{"line":56,"column":22},"end":{"line":56,"column":23}},"loc":{"start":{"line":56,"column":35},"end":{"line":75,"column":13}}},"8":{"name":"(anonymous_8)","decl":{"start":{"line":78,"column":24},"end":{"line":78,"column":25}},"loc":{"start":{"line":79,"column":14},"end":{"line":81,"column":null}}}},"branchMap":{"0":{"loc":{"start":{"line":26,"column":4},"end":{"line":28,"column":5}},"type":"if","locations":[{"start":{"line":26,"column":4},"end":{"line":28,"column":5}}]},"1":{"loc":{"start":{"line":32,"column":4},"end":{"line":32,"column":41}},"type":"if","locations":[{"start":{"line":32,"column":4},"end":{"line":32,"column":41}}]},"2":{"loc":{"start":{"line":33,"column":4},"end":{"line":39,"column":5}},"type":"if","locations":[{"start":{"line":33,"column":4},"end":{"line":39,"column":5}}]},"3":{"loc":{"start":{"line":47,"column":18},"end":{"line":47,"column":54}},"type":"binary-expr","locations":[{"start":{"line":47,"column":18},"end":{"line":47,"column":49}},{"start":{"line":47,"column":53},"end":{"line":47,"column":54}}]},"4":{"loc":{"start":{"line":53,"column":9},"end":{"line":53,"column":76}},"type":"binary-expr","locations":[{"start":{"line":53,"column":9},"end":{"line":53,"column":24}},{"start":{"line":53,"column":28},"end":{"line":53,"column":76}}]},"5":{"loc":{"start":{"line":68,"column":26},"end":{"line":68,"column":48}},"type":"binary-expr","locations":[{"start":{"line":68,"column":26},"end":{"line":68,"column":35}},{"start":{"line":68,"column":39},"end":{"line":68,"column":48}}]},"6":{"loc":{"start":{"line":80,"column":61},"end":{"line":80,"column":83}},"type":"binary-expr","locations":[{"start":{"line":80,"column":61},"end":{"line":80,"column":70}},{"start":{"line":80,"column":74},"end":{"line":80,"column":83}}]}},"s":{"0":1,"1":1,"2":5,"3":5,"4":5,"5":5,"6":5,"7":5,"8":5,"9":5,"10":5,"11":5,"12":4,"13":15,"14":15,"15":0,"16":0,"17":0,"18":0,"19":0,"20":5,"21":5,"22":5,"23":5,"24":9,"25":5,"26":5,"27":5,"28":5,"29":9,"30":9,"31":9,"32":9,"33":9,"34":9,"35":1},"f":{"0":5,"1":5,"2":5,"3":4,"4":15,"5":5,"6":9,"7":9,"8":9},"b":{"0":[5],"1":[15],"2":[0],"3":[5,1],"4":[5,2],"5":[9,7],"6":[9,7]}}
,"C:\\Users\\ACER\\Desktop\\react-animated-charts\\src\\components\\gauge-chart\\gauge-chart.css": {"path":"C:\\Users\\ACER\\Desktop\\react-animated-charts\\src\\components\\gauge-chart\\gauge-chart.css","statementMap":{"0":{"start":{"line":1,"column":22},"end":{"line":1,"column":102}},"1":{"start":{"line":2,"column":0},"end":{"line":2,"column":31}}},"fnMap":{},"branchMap":{},"s":{"0":1,"1":1},"f":{},"b":{},"_coverageSchema":"1a1c01bbd47fc00a2c39e90264f33305004495a9","hash":"70477a6eb80ca6df902934eac501885f81532701"}
,"C:\\Users\\ACER\\Desktop\\react-animated-charts\\src\\components\\gauge-chart\\gauge-chart.tsx": {"path":"C:\\Users\\ACER\\Desktop\\react-animated-charts\\src\\components\\gauge-chart\\gauge-chart.tsx","statementMap":{"0":{"start":{"line":2,"column":0},"end":{"line":2,"column":27}},"1":{"start":{"line":14,"column":53},"end":{"line":70,"column":1}},"2":{"start":{"line":23,"column":13},"end":{"line":23,"column":22}},"3":{"start":{"line":24,"column":13},"end":{"line":24,"column":25}},"4":{"start":{"line":25,"column":12},"end":{"line":25,"column":48}},"5":{"start":{"line":26,"column":16},"end":{"line":26,"column":60}},"6":{"start":{"line":29,"column":17},"end":{"line":29,"column":43}},"7":{"start":{"line":30,"column":17},"end":{"line":30,"column":43}},"8":{"start":{"line":31,"column":15},"end":{"line":31,"column":49}},"9":{"start":{"line":32,"column":15},"end":{"line":32,"column":49}},"10":{"start":{"line":33,"column":23},"end":{"line":33,"column":46}},"11":{"start":{"line":34,"column":18},"end":{"line":34,"column":89}},"12":{"start":{"line":36,"column":2},"end":{"line":69,"column":4}},"13":{"start":{"line":14,"column":13},"end":{"line":14,"column":53}}},"fnMap":{"0":{"name":"(anonymous_0)","decl":{"start":{"line":14,"column":53},"end":{"line":14,"column":54}},"loc":{"start":{"line":22,"column":5},"end":{"line":70,"column":1}}}},"branchMap":{"0":{"loc":{"start":{"line":16,"column":2},"end":{"line":16,"column":9}},"type":"default-arg","locations":[{"start":{"line":16,"column":8},"end":{"line":16,"column":9}}]},"1":{"loc":{"start":{"line":17,"column":2},"end":{"line":17,"column":11}},"type":"default-arg","locations":[{"start":{"line":17,"column":8},"end":{"line":17,"column":11}}]},"2":{"loc":{"start":{"line":18,"column":2},"end":{"line":18,"column":13}},"type":"default-arg","locations":[{"start":{"line":18,"column":10},"end":{"line":18,"column":13}}]},"3":{"loc":{"start":{"line":19,"column":2},"end":{"line":19,"column":14}},"type":"default-arg","locations":[{"start":{"line":19,"column":11},"end":{"line":19,"column":14}}]},"4":{"loc":{"start":{"line":20,"column":2},"end":{"line":20,"column":33}},"type":"default-arg","locations":[{"start":{"line":20,"column":11},"end":{"line":20,"column":33}}]},"5":{"loc":{"start":{"line":21,"column":2},"end":{"line":21,"column":25}},"type":"default-arg","locations":[{"start":{"line":21,"column":22},"end":{"line":21,"column":25}}]},"6":{"loc":{"start":{"line":26,"column":34},"end":{"line":26,"column":48}},"type":"binary-expr","locations":[{"start":{"line":26,"column":34},"end":{"line":26,"column":43}},{"start":{"line":26,"column":47},"end":{"line":26,"column":48}}]},"7":{"loc":{"start":{"line":33,"column":23},"end":{"line":33,"column":46}},"type":"cond-expr","locations":[{"start":{"line":33,"column":41},"end":{"line":33,"column":42}},{"start":{"line":33,"column":45},"end":{"line":33,"column":46}}]}},"s":{"0":1,"1":1,"2":4,"3":4,"4":4,"5":4,"6":4,"7":4,"8":4,"9":4,"10":4,"11":4,"12":4,"13":1},"f":{"0":4},"b":{"0":[4],"1":[4],"2":[4],"3":[4],"4":[4],"5":[4],"6":[4,0],"7":[0,4]}}
,"C:\\Users\\ACER\\Desktop\\react-animated-charts\\src\\components\\heatmap\\heatmap.css": {"path":"C:\\Users\\ACER\\Desktop\\react-animated-charts\\src\\components\\heatmap\\heatmap.css","statementMap":{"0":{"start":{"line":1,"column":19},"end":{"line":1,"column":95}},"1":{"start":{"line":2,"column":0},"end":{"line":2,"column":28}}},"fnMap":{},"branchMap":{},"s":{"0":1,"1":1},"f":{},"b":{},"_coverageSchema":"1a1c01bbd47fc00a2c39e90264f33305004495a9","hash":"4d91045c5b2f29a35d48b1a530a529b4c2cf818e"}
,"C:\\Users\\ACER\\Desktop\\react-animated-charts\\src\\components\\heatmap\\heatmap.tsx": {"path":"C:\\Users\\ACER\\Desktop\\react-animated-charts\\src\\components\\heatmap\\heatmap.tsx","statementMap":{"0":{"start":{"line":2,"column":0},"end":{"line":2,"column":23}},"1":{"start":{"line":13,"column":12},"end":{"line":13,"column":44}},"2":{"start":{"line":15,"column":2},"end":{"line":15,"column":66}},"3":{"start":{"line":18,"column":47},"end":{"line":57,"column":1}},"4":{"start":{"line":25,"column":15},"end":{"line":25,"column":26}},"5":{"start":{"line":26,"column":15},"end":{"line":26,"column":35}},"6":{"start":{"line":27,"column":14},"end":{"line":27,"column":38}},"7":{"start":{"line":28,"column":14},"end":{"line":28,"column":38}},"8":{"start":{"line":29,"column":20},"end":{"line":29,"column":32}},"9":{"start":{"line":30,"column":21},"end":{"line":30,"column":34}},"10":{"start":{"line":32,"column":2},"end":{"line":56,"column":4}},"11":{"start":{"line":41,"column":8},"end":{"line":53,"column":10}},"12":{"start":{"line":42,"column":10},"end":{"line":51,"column":null}},"13":{"start":{"line":18,"column":13},"end":{"line":18,"column":47}}},"fnMap":{"0":{"name":"getColor","decl":{"start":{"line":12,"column":9},"end":{"line":12,"column":17}},"loc":{"start":{"line":12,"column":75},"end":{"line":16,"column":1}}},"1":{"name":"(anonymous_1)","decl":{"start":{"line":18,"column":47},"end":{"line":18,"column":48}},"loc":{"start":{"line":24,"column":5},"end":{"line":57,"column":1}}},"2":{"name":"(anonymous_2)","decl":{"start":{"line":40,"column":16},"end":{"line":40,"column":17}},"loc":{"start":{"line":41,"column":8},"end":{"line":53,"column":10}}},"3":{"name":"(anonymous_3)","decl":{"start":{"line":41,"column":16},"end":{"line":41,"column":17}},"loc":{"start":{"line":42,"column":10},"end":{"line":51,"column":null}}}},"branchMap":{"0":{"loc":{"start":{"line":13,"column":29},"end":{"line":13,"column":43}},"type":"binary-expr","locations":[{"start":{"line":13,"column":29},"end":{"line":13,"column":38}},{"start":{"line":13,"column":42},"end":{"line":13,"column":43}}]},"1":{"loc":{"start":{"line":15,"column":9},"end":{"line":15,"column":65}},"type":"cond-expr","locations":[{"start":{"line":15,"column":29},"end":{"line":15,"column":53}},{"start":{"line":15,"column":56},"end":{"line":15,"column":65}}]},"2":{"loc":{"start":{"line":20,"column":2},"end":{"line":20,"column":13}},"type":"default-arg","locations":[{"start":{"line":20,"column":10},"end":{"line":20,"column":13}}]},"3":{"loc":{"start":{"line":21,"column":2},"end":{"line":21,"column":14}},"type":"default-arg","locations":[{"start":{"line":21,"column":11},"end":{"line":21,"column":14}}]},"4":{"loc":{"start":{"line":22,"column":2},"end":{"line":22,"column":33}},"type":"default-arg","locations":[{"start":{"line":22,"column":11},"end":{"line":22,"column":33}}]},"5":{"loc":{"start":{"line":23,"column":2},"end":{"line":23,"column":25}},"type":"default-arg","locations":[{"start":{"line":23,"column":22},"end":{"line":23,"column":25}}]},"6":{"loc":{"start":{"line":26,"column":15},"end":{"line":26,"column":35}},"type":"binary-expr","locations":[{"start":{"line":26,"column":15},"end":{"line":26,"column":30}},{"start":{"line":26,"column":34},"end":{"line":26,"column":35}}]},"7":{"loc":{"start":{"line":26,"column":15},"end":{"line":26,"column":30}},"type":"cond-expr","locations":[{"start":{"line":26,"column":22},"end":{"line":26,"column":24}},{"start":{"line":26,"column":22},"end":{"line":26,"column":30}}]},"8":{"loc":{"start":{"line":26,"column":15},"end":{"line":26,"column":24}},"type":"binary-expr","locations":[{"start":{"line":26,"column":15},"end":{"line":26,"column":24}},{"start":{"line":26,"column":22},"end":{"line":26,"column":24}}]}},"s":{"0":1,"1":0,"2":0,"3":1,"4":6,"5":6,"6":6,"7":6,"8":6,"9":6,"10":6,"11":0,"12":0,"13":1},"f":{"0":0,"1":6,"2":0,"3":0},"b":{"0":[0,0],"1":[0,0],"2":[6],"3":[6],"4":[6],"5":[6],"6":[6,0],"7":[0,6],"8":[6,6]}}
,"C:\\Users\\ACER\\Desktop\\react-animated-charts\\src\\components\\histogram\\histogram.css": {"path":"C:\\Users\\ACER\\Desktop\\react-animated-charts\\src\\components\\histogram\\histogram.css","statementMap":{"0":{"start":{"line":1,"column":21},"end":{"line":1,"column":99}},"1":{"start":{"line":2,"column":0},"end":{"line":2,"column":30}}},"fnMap":{},"branchMap":{},"s":{"0":1,"1":1},"f":{},"b":{},"_coverageSchema":"1a1c01bbd47fc00a2c39e90264f33305004495a9","hash":"576db75d9ff4f82f9ceff5f557d2a5f9e0519843"}
,"C:\\Users\\ACER\\Desktop\\react-animated-charts\\src\\components\\histogram\\histogram.tsx": {"path":"C:\\Users\\ACER\\Desktop\\react-animated-charts\\src\\components\\histogram\\histogram.tsx","statementMap":{"0":{"start":{"line":2,"column":0},"end":{"line":2,"column":25}},"1":{"start":{"line":13,"column":51},"end":{"line":49,"column":1}},"2":{"start":{"line":21,"column":14},"end":{"line":21,"column":31}},"3":{"start":{"line":22,"column":14},"end":{"line":22,"column":31}},"4":{"start":{"line":23,"column":18},"end":{"line":23,"column":36}},"5":{"start":{"line":24,"column":17},"end":{"line":24,"column":36}},"6":{"start":{"line":25,"column":2},"end":{"line":28,"column":5}},"7":{"start":{"line":26,"column":16},"end":{"line":26,"column":67}},"8":{"start":{"line":27,"column":4},"end":{"line":27,"column":18}},"9":{"start":{"line":29,"column":19},"end":{"line":29,"column":38}},"10":{"start":{"line":30,"column":19},"end":{"line":30,"column":31}},"11":{"start":{"line":32,"column":2},"end":{"line":48,"column":4}},"12":{"start":{"line":35,"column":8},"end":{"line":44,"column":null}},"13":{"start":{"line":13,"column":13},"end":{"line":13,"column":51}}},"fnMap":{"0":{"name":"(anonymous_0)","decl":{"start":{"line":13,"column":51},"end":{"line":13,"column":52}},"loc":{"start":{"line":20,"column":5},"end":{"line":49,"column":1}}},"1":{"name":"(anonymous_1)","decl":{"start":{"line":25,"column":15},"end":{"line":25,"column":16}},"loc":{"start":{"line":25,"column":21},"end":{"line":28,"column":3}}},"2":{"name":"(anonymous_2)","decl":{"start":{"line":34,"column":18},"end":{"line":34,"column":19}},"loc":{"start":{"line":35,"column":8},"end":{"line":44,"column":null}}}},"branchMap":{"0":{"loc":{"start":{"line":15,"column":2},"end":{"line":15,"column":11}},"type":"default-arg","locations":[{"start":{"line":15,"column":9},"end":{"line":15,"column":11}}]},"1":{"loc":{"start":{"line":16,"column":2},"end":{"line":16,"column":13}},"type":"default-arg","locations":[{"start":{"line":16,"column":10},"end":{"line":16,"column":13}}]},"2":{"loc":{"start":{"line":17,"column":2},"end":{"line":17,"column":14}},"type":"default-arg","locations":[{"start":{"line":17,"column":11},"end":{"line":17,"column":14}}]},"3":{"loc":{"start":{"line":18,"column":2},"end":{"line":18,"column":22}},"type":"default-arg","locations":[{"start":{"line":18,"column":11},"end":{"line":18,"column":22}}]},"4":{"loc":{"start":{"line":19,"column":2},"end":{"line":19,"column":25}},"type":"default-arg","locations":[{"start":{"line":19,"column":22},"end":{"line":19,"column":25}}]}},"s":{"0":1,"1":1,"2":4,"3":4,"4":4,"5":4,"6":4,"7":28,"8":28,"9":4,"10":4,"11":4,"12":0,"13":1},"f":{"0":4,"1":28,"2":0},"b":{"0":[0],"1":[4],"2":[4],"3":[4],"4":[4]}}
,"C:\\Users\\ACER\\Desktop\\react-animated-charts\\src\\components\\line-chart\\line-chart.css": {"path":"C:\\Users\\ACER\\Desktop\\react-animated-charts\\src\\components\\line-chart\\line-chart.css","statementMap":{"0":{"start":{"line":1,"column":21},"end":{"line":1,"column":453}},"1":{"start":{"line":2,"column":0},"end":{"line":2,"column":30}}},"fnMap":{},"branchMap":{},"s":{"0":1,"1":1},"f":{},"b":{},"_coverageSchema":"1a1c01bbd47fc00a2c39e90264f33305004495a9","hash":"3db0d69ad7fcc930983db31fa0281a6203fcf97e"}
,"C:\\Users\\ACER\\Desktop\\react-animated-charts\\src\\components\\line-chart\\line-chart.tsx": {"path":"C:\\Users\\ACER\\Desktop\\react-animated-charts\\src\\components\\line-chart\\line-chart.tsx","statementMap":{"0":{"start":{"line":1,"column":0},"end":{"line":1,"column":60}},"1":{"start":{"line":2,"column":0},"end":{"line":2,"column":26}},"2":{"start":{"line":11,"column":10},"end":{"line":11,"column":30}},"3":{"start":{"line":12,"column":10},"end":{"line":12,"column":32}},"4":{"start":{"line":13,"column":10},"end":{"line":13,"column":36}},"5":{"start":{"line":14,"column":10},"end":{"line":14,"column":31}},"6":{"start":{"line":24,"column":2},"end":{"line":28,"column":4}},"7":{"start":{"line":25,"column":4},"end":{"line":27,"column":5}},"8":{"start":{"line":26,"column":6},"end":{"line":26,"column":35}},"9":{"start":{"line":18,"column":4},"end":{"line":18,"column":24}},"10":{"start":{"line":19,"column":4},"end":{"line":19,"column":57}},"11":{"start":{"line":22,"column":4},"end":{"line":22,"column":60}},"12":{"start":{"line":31,"column":4},"end":{"line":31,"column":41}},"13":{"start":{"line":31,"column":29},"end":{"line":31,"column":41}},"14":{"start":{"line":32,"column":4},"end":{"line":38,"column":5}},"15":{"start":{"line":33,"column":6},"end":{"line":37,"column":7}},"16":{"start":{"line":34,"column":8},"end":{"line":34,"column":32}},"17":{"start":{"line":36,"column":8},"end":{"line":36,"column":31}},"18":{"start":{"line":39,"column":4},"end":{"line":39,"column":14}},"19":{"start":{"line":43,"column":17},"end":{"line":43,"column":47}},"20":{"start":{"line":44,"column":16},"end":{"line":44,"column":36}},"21":{"start":{"line":45,"column":4},"end":{"line":45,"column":101}},"22":{"start":{"line":45,"column":30},"end":{"line":45,"column":89}},"23":{"start":{"line":49,"column":17},"end":{"line":49,"column":47}},"24":{"start":{"line":50,"column":19},"end":{"line":50,"column":51}},"25":{"start":{"line":51,"column":4},"end":{"line":81,"column":6}},"26":{"start":{"line":64,"column":14},"end":{"line":69,"column":null}},"27":{"start":{"line":75,"column":14},"end":{"line":75,"column":38}},"28":{"start":{"line":4,"column":0},"end":{"line":4,"column":null}}},"fnMap":{"0":{"name":"(anonymous_0)","decl":{"start":{"line":4,"column":0},"end":{"line":4,"column":null}},"loc":{"start":{"line":4,"column":0},"end":{"line":83,"column":null}}},"1":{"name":"(anonymous_1)","decl":{"start":{"line":24,"column":17},"end":{"line":24,"column":20}},"loc":{"start":{"line":24,"column":22},"end":{"line":28,"column":3}}},"2":{"name":"(anonymous_2)","decl":{"start":{"line":17,"column":2},"end":{"line":17,"column":18}},"loc":{"start":{"line":17,"column":18},"end":{"line":20,"column":3}}},"3":{"name":"(anonymous_3)","decl":{"start":{"line":21,"column":2},"end":{"line":21,"column":22}},"loc":{"start":{"line":21,"column":22},"end":{"line":23,"column":3}}},"4":{"name":"(anonymous_4)","decl":{"start":{"line":30,"column":2},"end":{"line":30,"column":16}},"loc":{"start":{"line":30,"column":26},"end":{"line":40,"column":3}}},"5":{"name":"(anonymous_5)","decl":{"start":{"line":42,"column":2},"end":{"line":42,"column":11}},"loc":{"start":{"line":42,"column":11},"end":{"line":46,"column":3}}},"6":{"name":"(anonymous_6)","decl":{"start":{"line":45,"column":20},"end":{"line":45,"column":21}},"loc":{"start":{"line":45,"column":30},"end":{"line":45,"column":89}}},"7":{"name":"(anonymous_7)","decl":{"start":{"line":48,"column":2},"end":{"line":48,"column":8}},"loc":{"start":{"line":48,"column":8},"end":{"line":82,"column":3}}},"8":{"name":"(anonymous_8)","decl":{"start":{"line":63,"column":22},"end":{"line":63,"column":23}},"loc":{"start":{"line":64,"column":14},"end":{"line":69,"column":null}}},"9":{"name":"(anonymous_9)","decl":{"start":{"line":74,"column":24},"end":{"line":74,"column":25}},"loc":{"start":{"line":75,"column":14},"end":{"line":75,"column":38}}}},"branchMap":{"0":{"loc":{"start":{"line":25,"column":4},"end":{"line":27,"column":5}},"type":"if","locations":[{"start":{"line":25,"column":4},"end":{"line":27,"column":5}}]},"1":{"loc":{"start":{"line":31,"column":4},"end":{"line":31,"column":41}},"type":"if","locations":[{"start":{"line":31,"column":4},"end":{"line":31,"column":41}}]},"2":{"loc":{"start":{"line":32,"column":4},"end":{"line":38,"column":5}},"type":"if","locations":[{"start":{"line":32,"column":4},"end":{"line":38,"column":5}}]},"3":{"loc":{"start":{"line":53,"column":9},"end":{"line":53,"column":76}},"type":"binary-expr","locations":[{"start":{"line":53,"column":9},"end":{"line":53,"column":24}},{"start":{"line":53,"column":28},"end":{"line":53,"column":76}}]}},"s":{"0":1,"1":1,"2":5,"3":5,"4":5,"5":5,"6":5,"7":5,"8":5,"9":5,"10":5,"11":4,"12":15,"13":15,"14":0,"15":0,"16":0,"17":0,"18":0,"19":5,"20":5,"21":5,"22":9,"23":5,"24":5,"25":5,"26":9,"27":9,"28":1},"f":{"0":5,"1":5,"2":5,"3":4,"4":15,"5":5,"6":9,"7":5,"8":9,"9":9},"b":{"0":[5],"1":[15],"2":[0],"3":[5,2]}}
,"C:\\Users\\ACER\\Desktop\\react-animated-charts\\src\\components\\pie-chart\\pie-chart.css": {"path":"C:\\Users\\ACER\\Desktop\\react-animated-charts\\src\\components\\pie-chart\\pie-chart.css","statementMap":{"0":{"start":{"line":1,"column":20},"end":{"line":1,"column":98}},"1":{"start":{"line":2,"column":0},"end":{"line":2,"column":29}}},"fnMap":{},"branchMap":{},"s":{"0":1,"1":1},"f":{},"b":{},"_coverageSchema":"1a1c01bbd47fc00a2c39e90264f33305004495a9","hash":"dc4f09e06091d51b3623e894687955a607adabbc"}
,"C:\\Users\\ACER\\Desktop\\react-animated-charts\\src\\components\\pie-chart\\pie-chart.tsx": {"path":"C:\\Users\\ACER\\Desktop\\react-animated-charts\\src\\components\\pie-chart\\pie-chart.tsx","statementMap":{"0":{"start":{"line":2,"column":0},"end":{"line":2,"column":25}},"1":{"start":{"line":13,"column":16},"end":{"line":16,"column":4}},"2":{"start":{"line":17,"column":14},"end":{"line":20,"column":4}},"3":{"start":{"line":21,"column":23},"end":{"line":21,"column":62}},"4":{"start":{"line":22,"column":2},"end":{"line":27,"column":14}},"5":{"start":{"line":30,"column":49},"end":{"line":65,"column":1}},"6":{"start":{"line":37,"column":16},"end":{"line":37,"column":57}},"7":{"start":{"line":37,"column":40},"end":{"line":37,"column":53}},"8":{"start":{"line":38,"column":13},"end":{"line":38,"column":22}},"9":{"start":{"line":39,"column":13},"end":{"line":39,"column":23}},"10":{"start":{"line":40,"column":12},"end":{"line":40,"column":44}},"11":{"start":{"line":41,"column":19},"end":{"line":41,"column":31}},"12":{"start":{"line":43,"column":2},"end":{"line":64,"column":4}},"13":{"start":{"line":46,"column":22},"end":{"line":46,"column":53}},"14":{"start":{"line":47,"column":25},"end":{"line":47,"column":43}},"15":{"start":{"line":48,"column":21},"end":{"line":48,"column":65}},"16":{"start":{"line":49,"column":21},"end":{"line":49,"column":57}},"17":{"start":{"line":51,"column":10},"end":{"line":57,"column":null}},"18":{"start":{"line":60,"column":8},"end":{"line":60,"column":30}},"19":{"start":{"line":61,"column":8},"end":{"line":61,"column":18}},"20":{"start":{"line":30,"column":13},"end":{"line":30,"column":49}}},"fnMap":{"0":{"name":"describeArc","decl":{"start":{"line":12,"column":9},"end":{"line":12,"column":20}},"loc":{"start":{"line":12,"column":92},"end":{"line":28,"column":1}}},"1":{"name":"(anonymous_1)","decl":{"start":{"line":30,"column":49},"end":{"line":30,"column":50}},"loc":{"start":{"line":36,"column":5},"end":{"line":65,"column":1}}},"2":{"name":"(anonymous_2)","decl":{"start":{"line":37,"column":28},"end":{"line":37,"column":29}},"loc":{"start":{"line":37,"column":40},"end":{"line":37,"column":53}}},"3":{"name":"(anonymous_3)","decl":{"start":{"line":45,"column":16},"end":{"line":45,"column":17}},"loc":{"start":{"line":45,"column":25},"end":{"line":62,"column":7}}}},"branchMap":{"0":{"loc":{"start":{"line":21,"column":23},"end":{"line":21,"column":62}},"type":"cond-expr","locations":[{"start":{"line":21,"column":57},"end":{"line":21,"column":58}},{"start":{"line":21,"column":61},"end":{"line":21,"column":62}}]},"1":{"loc":{"start":{"line":32,"column":2},"end":{"line":32,"column":13}},"type":"default-arg","locations":[{"start":{"line":32,"column":10},"end":{"line":32,"column":13}}]},"2":{"loc":{"start":{"line":33,"column":2},"end":{"line":33,"column":14}},"type":"default-arg","locations":[{"start":{"line":33,"column":11},"end":{"line":33,"column":14}}]},"3":{"loc":{"start":{"line":34,"column":2},"end":{"line":34,"column":55}},"type":"default-arg","locations":[{"start":{"line":34,"column":11},"end":{"line":34,"column":55}}]},"4":{"loc":{"start":{"line":35,"column":2},"end":{"line":35,"column":25}},"type":"default-arg","locations":[{"start":{"line":35,"column":22},"end":{"line":35,"column":25}}]},"5":{"loc":{"start":{"line":49,"column":21},"end":{"line":49,"column":57}},"type":"binary-expr","locations":[{"start":{"line":49,"column":21},"end":{"line":49,"column":28}},{"start":{"line":49,"column":32},"end":{"line":49,"column":57}}]}},"s":{"0":1,"1":0,"2":0,"3":0,"4":0,"5":1,"6":4,"7":8,"8":4,"9":4,"10":4,"11":4,"12":4,"13":0,"14":0,"15":0,"16":0,"17":0,"18":0,"19":0,"20":1},"f":{"0":0,"1":4,"2":8,"3":0},"b":{"0":[0,0],"1":[4],"2":[4],"3":[4],"4":[4],"5":[0,0]}}
,"C:\\Users\\ACER\\Desktop\\react-animated-charts\\src\\components\\radar-chart\\radar-chart.css": {"path":"C:\\Users\\ACER\\Desktop\\react-animated-charts\\src\\components\\radar-chart\\radar-chart.css","statementMap":{"0":{"start":{"line":1,"column":22},"end":{"line":1,"column":102}},"1":{"start":{"line":2,"column":0},"end":{"line":2,"column":31}}},"fnMap":{},"branchMap":{},"s":{"0":1,"1":1},"f":{},"b":{},"_coverageSchema":"1a1c01bbd47fc00a2c39e90264f33305004495a9","hash":"7a9b612cc3fc4fcf2835abda6322881dca5e2aed"}
,"C:\\Users\\ACER\\Desktop\\react-animated-charts\\src\\components\\radar-chart\\radar-chart.tsx": {"path":"C:\\Users\\ACER\\Desktop\\react-animated-charts\\src\\components\\radar-chart\\radar-chart.tsx","statementMap":{"0":{"start":{"line":1,"column":0},"end":{"line":1,"column":40}},"1":{"start":{"line":2,"column":0},"end":{"line":2,"column":56}},"2":{"start":{"line":3,"column":0},"end":{"line":3,"column":27}},"3":{"start":{"line":15,"column":53},"end":{"line":151,"column":1}},"4":{"start":{"line":17,"column":39},"end":{"line":17,"column":46}},"5":{"start":{"line":24,"column":16},"end":{"line":24,"column":27}},"6":{"start":{"line":25,"column":20},"end":{"line":25,"column":41}},"7":{"start":{"line":26,"column":17},"end":{"line":26,"column":49}},"8":{"start":{"line":27,"column":18},"end":{"line":27,"column":27}},"9":{"start":{"line":28,"column":18},"end":{"line":28,"column":28}},"10":{"start":{"line":31,"column":17},"end":{"line":31,"column":18}},"11":{"start":{"line":32,"column":23},"end":{"line":37,"column":null}},"12":{"start":{"line":33,"column":4},"end":{"line":37,"column":6}},"13":{"start":{"line":34,"column":20},"end":{"line":34,"column":47}},"14":{"start":{"line":35,"column":16},"end":{"line":35,"column":43}},"15":{"start":{"line":36,"column":6},"end":{"line":36,"column":76}},"16":{"start":{"line":41,"column":17},"end":{"line":45,"column":4}},"17":{"start":{"line":42,"column":18},"end":{"line":42,"column":45}},"18":{"start":{"line":43,"column":14},"end":{"line":43,"column":43}},"19":{"start":{"line":44,"column":4},"end":{"line":44,"column":74}},"20":{"start":{"line":46,"column":24},"end":{"line":46,"column":62}},"21":{"start":{"line":46,"column":40},"end":{"line":46,"column":51}},"22":{"start":{"line":49,"column":32},"end":{"line":49,"column":109}},"23":{"start":{"line":51,"column":2},"end":{"line":150,"column":4}},"24":{"start":{"line":63,"column":10},"end":{"line":68,"column":null}},"25":{"start":{"line":65,"column":34},"end":{"line":65,"column":45}},"26":{"start":{"line":73,"column":24},"end":{"line":73,"column":51}},"27":{"start":{"line":74,"column":10},"end":{"line":84,"column":12}},"28":{"start":{"line":88,"column":24},"end":{"line":88,"column":51}},"29":{"start":{"line":89,"column":20},"end":{"line":89,"column":61}},"30":{"start":{"line":90,"column":20},"end":{"line":90,"column":61}},"31":{"start":{"line":91,"column":10},"end":{"line":103,"column":12}},"32":{"start":{"line":119,"column":12},"end":{"line":135,"column":null}},"33":{"start":{"line":131,"column":34},"end":{"line":131,"column":98}},"34":{"start":{"line":132,"column":29},"end":{"line":132,"column":93}},"35":{"start":{"line":133,"column":34},"end":{"line":133,"column":50}},"36":{"start":{"line":134,"column":28},"end":{"line":134,"column":44}},"37":{"start":{"line":15,"column":13},"end":{"line":15,"column":53}}},"fnMap":{"0":{"name":"(anonymous_0)","decl":{"start":{"line":15,"column":53},"end":{"line":15,"column":54}},"loc":{"start":{"line":23,"column":5},"end":{"line":151,"column":1}}},"1":{"name":"(anonymous_1)","decl":{"start":{"line":17,"column":34},"end":{"line":17,"column":35}},"loc":{"start":{"line":17,"column":39},"end":{"line":17,"column":46}}},"2":{"name":"(anonymous_2)","decl":{"start":{"line":32,"column":54},"end":{"line":32,"column":55}},"loc":{"start":{"line":33,"column":4},"end":{"line":37,"column":6}}},"3":{"name":"(anonymous_3)","decl":{"start":{"line":33,"column":34},"end":{"line":33,"column":35}},"loc":{"start":{"line":33,"column":43},"end":{"line":37,"column":5}}},"4":{"name":"(anonymous_4)","decl":{"start":{"line":41,"column":26},"end":{"line":41,"column":27}},"loc":{"start":{"line":41,"column":35},"end":{"line":45,"column":3}}},"5":{"name":"(anonymous_5)","decl":{"start":{"line":46,"column":35},"end":{"line":46,"column":36}},"loc":{"start":{"line":46,"column":40},"end":{"line":46,"column":51}}},"6":{"name":"(anonymous_6)","decl":{"start":{"line":62,"column":26},"end":{"line":62,"column":27}},"loc":{"start":{"line":63,"column":10},"end":{"line":68,"column":null}}},"7":{"name":"(anonymous_7)","decl":{"start":{"line":65,"column":29},"end":{"line":65,"column":30}},"loc":{"start":{"line":65,"column":34},"end":{"line":65,"column":45}}},"8":{"name":"(anonymous_8)","decl":{"start":{"line":72,"column":18},"end":{"line":72,"column":19}},"loc":{"start":{"line":72,"column":27},"end":{"line":85,"column":9}}},"9":{"name":"(anonymous_9)","decl":{"start":{"line":87,"column":18},"end":{"line":87,"column":19}},"loc":{"start":{"line":87,"column":27},"end":{"line":104,"column":9}}},"10":{"name":"(anonymous_10)","decl":{"start":{"line":118,"column":22},"end":{"line":118,"column":23}},"loc":{"start":{"line":119,"column":12},"end":{"line":135,"column":null}}},"11":{"name":"(anonymous_11)","decl":{"start":{"line":131,"column":28},"end":{"line":131,"column":31}},"loc":{"start":{"line":131,"column":34},"end":{"line":131,"column":98}}},"12":{"name":"(anonymous_12)","decl":{"start":{"line":132,"column":23},"end":{"line":132,"column":26}},"loc":{"start":{"line":132,"column":29},"end":{"line":132,"column":93}}},"13":{"name":"(anonymous_13)","decl":{"start":{"line":133,"column":28},"end":{"line":133,"column":31}},"loc":{"start":{"line":133,"column":34},"end":{"line":133,"column":50}}},"14":{"name":"(anonymous_14)","decl":{"start":{"line":134,"column":22},"end":{"line":134,"column":25}},"loc":{"start":{"line":134,"column":28},"end":{"line":134,"column":44}}}},"branchMap":{"0":{"loc":{"start":{"line":17,"column":2},"end":{"line":17,"column":48}},"type":"default-arg","locations":[{"start":{"line":17,"column":13},"end":{"line":17,"column":48}}]},"1":{"loc":{"start":{"line":18,"column":2},"end":{"line":18,"column":13}},"type":"default-arg","locations":[{"start":{"line":18,"column":10},"end":{"line":18,"column":13}}]},"2":{"loc":{"start":{"line":19,"column":2},"end":{"line":19,"column":14}},"type":"default-arg","locations":[{"start":{"line":19,"column":11},"end":{"line":19,"column":14}}]},"3":{"loc":{"start":{"line":20,"column":2},"end":{"line":20,"column":22}},"type":"default-arg","locations":[{"start":{"line":20,"column":11},"end":{"line":20,"column":22}}]},"4":{"loc":{"start":{"line":21,"column":2},"end":{"line":21,"column":25}},"type":"default-arg","locations":[{"start":{"line":21,"column":22},"end":{"line":21,"column":25}}]},"5":{"loc":{"start":{"line":22,"column":2},"end":{"line":22,"column":27}},"type":"default-arg","locations":[{"start":{"line":22,"column":14},"end":{"line":22,"column":27}}]},"6":{"loc":{"start":{"line":140,"column":9},"end":{"line":146,"column":null}},"type":"binary-expr","locations":[{"start":{"line":140,"column":9},"end":{"line":140,"column":16}},{"start":{"line":141,"column":10},"end":{"line":145,"column":null}}]}},"s":{"0":1,"1":1,"2":1,"3":1,"4":0,"5":0,"6":0,"7":0,"8":0,"9":0,"10":0,"11":0,"12":0,"13":0,"14":0,"15":0,"16":0,"17":0,"18":0,"19":0,"20":0,"21":0,"22":0,"23":0,"24":0,"25":0,"26":0,"27":0,"28":0,"29":0,"30":0,"31":0,"32":0,"33":0,"34":0,"35":0,"36":0,"37":1},"f":{"0":0,"1":0,"2":0,"3":0,"4":0,"5":0,"6":0,"7":0,"8":0,"9":0,"10":0,"11":0,"12":0,"13":0,"14":0},"b":{"0":[0],"1":[0],"2":[0],"3":[0],"4":[0],"5":[0],"6":[0,0]}}
,"C:\\Users\\ACER\\Desktop\\react-animated-charts\\src\\components\\scatter-plot\\scatter-plot.css": {"path":"C:\\Users\\ACER\\Desktop\\react-animated-charts\\src\\components\\scatter-plot\\scatter-plot.css","statementMap":{"0":{"start":{"line":1,"column":23},"end":{"line":1,"column":104}},"1":{"start":{"line":2,"column":0},"end":{"line":2,"column":32}}},"fnMap":{},"branchMap":{},"s":{"0":1,"1":1},"f":{},"b":{},"_coverageSchema":"1a1c01bbd47fc00a2c39e90264f33305004495a9","hash":"6a74bfbad863721060f60d6c3b9aa02df99556fc"}
,"C:\\Users\\ACER\\Desktop\\react-animated-charts\\src\\components\\scatter-plot\\scatter-plot.tsx": {"path":"C:\\Users\\ACER\\Desktop\\react-animated-charts\\src\\components\\scatter-plot\\scatter-plot.tsx","statementMap":{"0":{"start":{"line":1,"column":0},"end":{"line":1,"column":40}},"1":{"start":{"line":2,"column":0},"end":{"line":2,"column":56}},"2":{"start":{"line":3,"column":0},"end":{"line":3,"column":28}},"3":{"start":{"line":16,"column":55},"end":{"line":151,"column":1}},"4":{"start":{"line":27,"column":15},"end":{"line":27,"column":48}},"5":{"start":{"line":27,"column":43},"end":{"line":27,"column":46}},"6":{"start":{"line":28,"column":15},"end":{"line":28,"column":48}},"7":{"start":{"line":28,"column":43},"end":{"line":28,"column":46}},"8":{"start":{"line":29,"column":15},"end":{"line":29,"column":48}},"9":{"start":{"line":29,"column":43},"end":{"line":29,"column":46}},"10":{"start":{"line":30,"column":15},"end":{"line":30,"column":48}},"11":{"start":{"line":30,"column":43},"end":{"line":30,"column":46}},"12":{"start":{"line":33,"column":18},"end":{"line":33,"column":20}},"13":{"start":{"line":34,"column":20},"end":{"line":34,"column":39}},"14":{"start":{"line":35,"column":21},"end":{"line":35,"column":41}},"15":{"start":{"line":38,"column":17},"end":{"line":38,"column":87}},"16":{"start":{"line":38,"column":32},"end":{"line":38,"column":87}},"17":{"start":{"line":39,"column":17},"end":{"line":39,"column":97}},"18":{"start":{"line":39,"column":32},"end":{"line":39,"column":97}},"19":{"start":{"line":42,"column":32},"end":{"line":42,"column":128}},"20":{"start":{"line":45,"column":20},"end":{"line":45,"column":21}},"21":{"start":{"line":46,"column":17},"end":{"line":46,"column":106}},"22":{"start":{"line":46,"column":61},"end":{"line":46,"column":105}},"23":{"start":{"line":47,"column":17},"end":{"line":47,"column":106}},"24":{"start":{"line":47,"column":61},"end":{"line":47,"column":105}},"25":{"start":{"line":49,"column":2},"end":{"line":150,"column":4}},"26":{"start":{"line":61,"column":10},"end":{"line":68,"column":null}},"27":{"start":{"line":72,"column":10},"end":{"line":79,"column":null}},"28":{"start":{"line":92,"column":10},"end":{"line":100,"column":null}},"29":{"start":{"line":104,"column":10},"end":{"line":112,"column":null}},"30":{"start":{"line":118,"column":12},"end":{"line":134,"column":null}},"31":{"start":{"line":130,"column":34},"end":{"line":130,"column":143}},"32":{"start":{"line":131,"column":29},"end":{"line":131,"column":138}},"33":{"start":{"line":132,"column":34},"end":{"line":132,"column":50}},"34":{"start":{"line":133,"column":28},"end":{"line":133,"column":44}},"35":{"start":{"line":16,"column":13},"end":{"line":16,"column":55}}},"fnMap":{"0":{"name":"(anonymous_0)","decl":{"start":{"line":16,"column":55},"end":{"line":16,"column":56}},"loc":{"start":{"line":25,"column":5},"end":{"line":151,"column":1}}},"1":{"name":"(anonymous_1)","decl":{"start":{"line":27,"column":36},"end":{"line":27,"column":37}},"loc":{"start":{"line":27,"column":43},"end":{"line":27,"column":46}}},"2":{"name":"(anonymous_2)","decl":{"start":{"line":28,"column":36},"end":{"line":28,"column":37}},"loc":{"start":{"line":28,"column":43},"end":{"line":28,"column":46}}},"3":{"name":"(anonymous_3)","decl":{"start":{"line":29,"column":36},"end":{"line":29,"column":37}},"loc":{"start":{"line":29,"column":43},"end":{"line":29,"column":46}}},"4":{"name":"(anonymous_4)","decl":{"start":{"line":30,"column":36},"end":{"line":30,"column":37}},"loc":{"start":{"line":30,"column":43},"end":{"line":30,"column":46}}},"5":{"name":"(anonymous_5)","decl":{"start":{"line":38,"column":17},"end":{"line":38,"column":18}},"loc":{"start":{"line":38,"column":32},"end":{"line":38,"column":87}}},"6":{"name":"(anonymous_6)","decl":{"start":{"line":39,"column":17},"end":{"line":39,"column":18}},"loc":{"start":{"line":39,"column":32},"end":{"line":39,"column":97}}},"7":{"name":"(anonymous_7)","decl":{"start":{"line":46,"column":51},"end":{"line":46,"column":52}},"loc":{"start":{"line":46,"column":61},"end":{"line":46,"column":105}}},"8":{"name":"(anonymous_8)","decl":{"start":{"line":47,"column":51},"end":{"line":47,"column":52}},"loc":{"start":{"line":47,"column":61},"end":{"line":47,"column":105}}},"9":{"name":"(anonymous_9)","decl":{"start":{"line":60,"column":20},"end":{"line":60,"column":21}},"loc":{"start":{"line":61,"column":10},"end":{"line":68,"column":null}}},"10":{"name":"(anonymous_10)","decl":{"start":{"line":71,"column":20},"end":{"line":71,"column":21}},"loc":{"start":{"line":72,"column":10},"end":{"line":79,"column":null}}},"11":{"name":"(anonymous_11)","decl":{"start":{"line":91,"column":20},"end":{"line":91,"column":21}},"loc":{"start":{"line":92,"column":10},"end":{"line":100,"column":null}}},"12":{"name":"(anonymous_12)","decl":{"start":{"line":103,"column":20},"end":{"line":103,"column":21}},"loc":{"start":{"line":104,"column":10},"end":{"line":112,"column":null}}},"13":{"name":"(anonymous_13)","decl":{"start":{"line":117,"column":20},"end":{"line":117,"column":21}},"loc":{"start":{"line":118,"column":12},"end":{"line":134,"column":null}}},"14":{"name":"(anonymous_14)","decl":{"start":{"line":130,"column":28},"end":{"line":130,"column":31}},"loc":{"start":{"line":130,"column":34},"end":{"line":130,"column":143}}},"15":{"name":"(anonymous_15)","decl":{"start":{"line":131,"column":23},"end":{"line":131,"column":26}},"loc":{"start":{"line":131,"column":29},"end":{"line":131,"column":138}}},"16":{"name":"(anonymous_16)","decl":{"start":{"line":132,"column":28},"end":{"line":132,"column":31}},"loc":{"start":{"line":132,"column":34},"end":{"line":132,"column":50}}},"17":{"name":"(anonymous_17)","decl":{"start":{"line":133,"column":22},"end":{"line":133,"column":25}},"loc":{"start":{"line":133,"column":28},"end":{"line":133,"column":44}}}},"branchMap":{"0":{"loc":{"start":{"line":18,"column":2},"end":{"line":18,"column":13}},"type":"default-arg","locations":[{"start":{"line":18,"column":10},"end":{"line":18,"column":13}}]},"1":{"loc":{"start":{"line":19,"column":2},"end":{"line":19,"column":14}},"type":"default-arg","locations":[{"start":{"line":19,"column":11},"end":{"line":19,"column":14}}]},"2":{"loc":{"start":{"line":20,"column":2},"end":{"line":20,"column":22}},"type":"default-arg","locations":[{"start":{"line":20,"column":11},"end":{"line":20,"column":22}}]},"3":{"loc":{"start":{"line":21,"column":2},"end":{"line":21,"column":25}},"type":"default-arg","locations":[{"start":{"line":21,"column":22},"end":{"line":21,"column":25}}]},"4":{"loc":{"start":{"line":22,"column":2},"end":{"line":22,"column":19}},"type":"default-arg","locations":[{"start":{"line":22,"column":11},"end":{"line":22,"column":19}}]},"5":{"loc":{"start":{"line":23,"column":2},"end":{"line":23,"column":19}},"type":"default-arg","locations":[{"start":{"line":23,"column":11},"end":{"line":23,"column":19}}]},"6":{"loc":{"start":{"line":24,"column":2},"end":{"line":24,"column":34}},"type":"default-arg","locations":[{"start":{"line":24,"column":14},"end":{"line":24,"column":34}}]},"7":{"loc":{"start":{"line":38,"column":57},"end":{"line":38,"column":73}},"type":"binary-expr","locations":[{"start":{"line":38,"column":57},"end":{"line":38,"column":68}},{"start":{"line":38,"column":72},"end":{"line":38,"column":73}}]},"8":{"loc":{"start":{"line":39,"column":66},"end":{"line":39,"column":82}},"type":"binary-expr","locations":[{"start":{"line":39,"column":66},"end":{"line":39,"column":77}},{"start":{"line":39,"column":81},"end":{"line":39,"column":82}}]},"9":{"loc":{"start":{"line":122,"column":17},"end":{"line":122,"column":29}},"type":"binary-expr","locations":[{"start":{"line":122,"column":17},"end":{"line":122,"column":24}},{"start":{"line":122,"column":28},"end":{"line":122,"column":29}}]},"10":{"loc":{"start":{"line":123,"column":20},"end":{"line":123,"column":60}},"type":"binary-expr","locations":[{"start":{"line":123,"column":20},"end":{"line":123,"column":31}},{"start":{"line":123,"column":35},"end":{"line":123,"column":60}}]},"11":{"loc":{"start":{"line":125,"column":28},"end":{"line":125,"column":40}},"type":"binary-expr","locations":[{"start":{"line":125,"column":28},"end":{"line":125,"column":35}},{"start":{"line":125,"column":39},"end":{"line":125,"column":40}}]},"12":{"loc":{"start":{"line":129,"column":26},"end":{"line":129,"column":73}},"type":"binary-expr","locations":[{"start":{"line":129,"column":26},"end":{"line":129,"column":37}},{"start":{"line":129,"column":41},"end":{"line":129,"column":73}}]},"13":{"loc":{"start":{"line":139,"column":9},"end":{"line":146,"column":null}},"type":"binary-expr","locations":[{"start":{"line":139,"column":9},"end":{"line":139,"column":16}},{"start":{"line":140,"column":10},"end":{"line":145,"column":null}}]},"14":{"loc":{"start":{"line":142,"column":15},"end":{"line":142,"column":86}},"type":"binary-expr","locations":[{"start":{"line":142,"column":15},"end":{"line":142,"column":28}},{"start":{"line":142,"column":32},"end":{"line":142,"column":86}}]}},"s":{"0":1,"1":1,"2":1,"3":1,"4":0,"5":0,"6":0,"7":0,"8":0,"9":0,"10":0,"11":0,"12":0,"13":0,"14":0,"15":0,"16":0,"17":0,"18":0,"19":0,"20":0,"21":0,"22":0,"23":0,"24":0,"25":0,"26":0,"27":0,"28":0,"29":0,"30":0,"31":0,"32":0,"33":0,"34":0,"35":1},"f":{"0":0,"1":0,"2":0,"3":0,"4":0,"5":0,"6":0,"7":0,"8":0,"9":0,"10":0,"11":0,"12":0,"13":0,"14":0,"15":0,"16":0,"17":0},"b":{"0":[0],"1":[0],"2":[0],"3":[0],"4":[0],"5":[0],"6":[0],"7":[0,0],"8":[0,0],"9":[0,0],"10":[0,0],"11":[0,0],"12":[0,0],"13":[0,0],"14":[0,0]}}
}
