{"C:\\Users\\ACER\\Desktop\\react-animated-charts\\src\\components\\area-chart\\area-chart.css": {"path":"C:\\Users\\ACER\\Desktop\\react-animated-charts\\src\\components\\area-chart\\area-chart.css","statementMap":{"0":{"start":{"line":1,"column":21},"end":{"line":1,"column":453}},"1":{"start":{"line":2,"column":0},"end":{"line":2,"column":30}}},"fnMap":{},"branchMap":{},"s":{"0":1,"1":1},"f":{},"b":{},"_coverageSchema":"1a1c01bbd47fc00a2c39e90264f33305004495a9","hash":"51c95321a0f8e1a7528070fbbe3242b766a1635f"}
,"C:\\Users\\ACER\\Desktop\\react-animated-charts\\src\\components\\area-chart\\area-chart.tsx": {"path":"C:\\Users\\ACER\\Desktop\\react-animated-charts\\src\\components\\area-chart\\area-chart.tsx","statementMap":{"0":{"start":{"line":1,"column":0},"end":{"line":1,"column":60}},"1":{"start":{"line":2,"column":0},"end":{"line":2,"column":26}},"2":{"start":{"line":11,"column":10},"end":{"line":11,"column":30}},"3":{"start":{"line":12,"column":10},"end":{"line":12,"column":32}},"4":{"start":{"line":13,"column":10},"end":{"line":13,"column":36}},"5":{"start":{"line":14,"column":10},"end":{"line":14,"column":31}},"6":{"start":{"line":24,"column":2},"end":{"line":28,"column":4}},"7":{"start":{"line":25,"column":4},"end":{"line":27,"column":5}},"8":{"start":{"line":26,"column":6},"end":{"line":26,"column":35}},"9":{"start":{"line":18,"column":4},"end":{"line":18,"column":24}},"10":{"start":{"line":19,"column":4},"end":{"line":19,"column":57}},"11":{"start":{"line":22,"column":4},"end":{"line":22,"column":60}},"12":{"start":{"line":31,"column":16},"end":{"line":31,"column":41}},"13":{"start":{"line":32,"column":4},"end":{"line":32,"column":111}},"14":{"start":{"line":32,"column":35},"end":{"line":32,"column":99}},"15":{"start":{"line":36,"column":19},"end":{"line":36,"column":35}},"16":{"start":{"line":37,"column":4},"end":{"line":37,"column":37}},"17":{"start":{"line":41,"column":4},"end":{"line":67,"column":6}},"18":{"start":{"line":61,"column":14},"end":{"line":61,"column":38}},"19":{"start":{"line":4,"column":0},"end":{"line":4,"column":null}}},"fnMap":{"0":{"name":"(anonymous_0)","decl":{"start":{"line":4,"column":0},"end":{"line":4,"column":null}},"loc":{"start":{"line":4,"column":0},"end":{"line":69,"column":null}}},"1":{"name":"(anonymous_1)","decl":{"start":{"line":24,"column":17},"end":{"line":24,"column":20}},"loc":{"start":{"line":24,"column":22},"end":{"line":28,"column":3}}},"2":{"name":"(anonymous_2)","decl":{"start":{"line":17,"column":2},"end":{"line":17,"column":18}},"loc":{"start":{"line":17,"column":18},"end":{"line":20,"column":3}}},"3":{"name":"(anonymous_3)","decl":{"start":{"line":21,"column":2},"end":{"line":21,"column":22}},"loc":{"start":{"line":21,"column":22},"end":{"line":23,"column":3}}},"4":{"name":"(anonymous_4)","decl":{"start":{"line":30,"column":2},"end":{"line":30,"column":11}},"loc":{"start":{"line":30,"column":11},"end":{"line":33,"column":3}}},"5":{"name":"(anonymous_5)","decl":{"start":{"line":32,"column":25},"end":{"line":32,"column":26}},"loc":{"start":{"line":32,"column":35},"end":{"line":32,"column":99}}},"6":{"name":"(anonymous_6)","decl":{"start":{"line":35,"column":2},"end":{"line":35,"column":15}},"loc":{"start":{"line":35,"column":15},"end":{"line":38,"column":3}}},"7":{"name":"(anonymous_7)","decl":{"start":{"line":40,"column":2},"end":{"line":40,"column":8}},"loc":{"start":{"line":40,"column":8},"end":{"line":68,"column":3}}},"8":{"name":"(anonymous_8)","decl":{"start":{"line":60,"column":29},"end":{"line":60,"column":30}},"loc":{"start":{"line":61,"column":14},"end":{"line":61,"column":38}}}},"branchMap":{"0":{"loc":{"start":{"line":25,"column":4},"end":{"line":27,"column":5}},"type":"if","locations":[{"start":{"line":25,"column":4},"end":{"line":27,"column":5}}]},"1":{"loc":{"start":{"line":43,"column":9},"end":{"line":43,"column":66}},"type":"binary-expr","locations":[{"start":{"line":43,"column":9},"end":{"line":43,"column":19}},{"start":{"line":43,"column":23},"end":{"line":43,"column":66}}]}},"s":{"0":1,"1":1,"2":5,"3":5,"4":5,"5":5,"6":5,"7":5,"8":5,"9":5,"10":5,"11":4,"12":10,"13":10,"14":0,"15":5,"16":5,"17":5,"18":0,"19":1},"f":{"0":5,"1":5,"2":5,"3":4,"4":10,"5":0,"6":5,"7":5,"8":0},"b":{"0":[5],"1":[5,2]}}
,"C:\\Users\\ACER\\Desktop\\react-animated-charts\\src\\components\\bar-chart\\bar-chart.css": {"path":"C:\\Users\\ACER\\Desktop\\react-animated-charts\\src\\components\\bar-chart\\bar-chart.css","statementMap":{"0":{"start":{"line":1,"column":20},"end":{"line":1,"column":603}},"1":{"start":{"line":2,"column":0},"end":{"line":2,"column":29}}},"fnMap":{},"branchMap":{},"s":{"0":1,"1":1},"f":{},"b":{},"_coverageSchema":"1a1c01bbd47fc00a2c39e90264f33305004495a9","hash":"57361781712469fff02403c13c18e78efc1c5133"}
,"C:\\Users\\ACER\\Desktop\\react-animated-charts\\src\\components\\bar-chart\\bar-chart.tsx": {"path":"C:\\Users\\ACER\\Desktop\\react-animated-charts\\src\\components\\bar-chart\\bar-chart.tsx","statementMap":{"0":{"start":{"line":1,"column":0},"end":{"line":1,"column":51}},"1":{"start":{"line":2,"column":0},"end":{"line":2,"column":25}},"2":{"start":{"line":10,"column":10},"end":{"line":10,"column":30}},"3":{"start":{"line":11,"column":10},"end":{"line":11,"column":32}},"4":{"start":{"line":12,"column":10},"end":{"line":12,"column":32}},"5":{"start":{"line":13,"column":10},"end":{"line":13,"column":31}},"6":{"start":{"line":16,"column":16},"end":{"line":16,"column":41}},"7":{"start":{"line":17,"column":4},"end":{"line":33,"column":6}},"8":{"start":{"line":20,"column":10},"end":{"line":29,"column":null}},"9":{"start":{"line":4,"column":0},"end":{"line":4,"column":null}}},"fnMap":{"0":{"name":"(anonymous_0)","decl":{"start":{"line":4,"column":0},"end":{"line":4,"column":null}},"loc":{"start":{"line":4,"column":0},"end":{"line":35,"column":null}}},"1":{"name":"(anonymous_1)","decl":{"start":{"line":15,"column":2},"end":{"line":15,"column":8}},"loc":{"start":{"line":15,"column":8},"end":{"line":34,"column":3}}},"2":{"name":"(anonymous_2)","decl":{"start":{"line":19,"column":23},"end":{"line":19,"column":24}},"loc":{"start":{"line":20,"column":10},"end":{"line":29,"column":null}}}},"branchMap":{"0":{"loc":{"start":{"line":25,"column":28},"end":{"line":25,"column":55}},"type":"binary-expr","locations":[{"start":{"line":25,"column":28},"end":{"line":25,"column":42}},{"start":{"line":25,"column":46},"end":{"line":25,"column":55}}]}},"s":{"0":1,"1":1,"2":5,"3":5,"4":5,"5":5,"6":5,"7":5,"8":0,"9":1},"f":{"0":5,"1":5,"2":0},"b":{"0":[0,0]}}
,"C:\\Users\\ACER\\Desktop\\react-animated-charts\\src\\components\\donut-chart\\donut-chart.css": {"path":"C:\\Users\\ACER\\Desktop\\react-animated-charts\\src\\components\\donut-chart\\donut-chart.css","statementMap":{"0":{"start":{"line":1,"column":22},"end":{"line":1,"column":649}},"1":{"start":{"line":2,"column":0},"end":{"line":2,"column":31}}},"fnMap":{},"branchMap":{},"s":{"0":1,"1":1},"f":{},"b":{},"_coverageSchema":"1a1c01bbd47fc00a2c39e90264f33305004495a9","hash":"c171561eeb9e83f2ad38fbd5b3a2d93224422e78"}
,"C:\\Users\\ACER\\Desktop\\react-animated-charts\\src\\components\\donut-chart\\donut-chart.tsx": {"path":"C:\\Users\\ACER\\Desktop\\react-animated-charts\\src\\components\\donut-chart\\donut-chart.tsx","statementMap":{"0":{"start":{"line":1,"column":0},"end":{"line":1,"column":60}},"1":{"start":{"line":2,"column":0},"end":{"line":2,"column":27}},"2":{"start":{"line":11,"column":10},"end":{"line":11,"column":30}},"3":{"start":{"line":12,"column":10},"end":{"line":12,"column":32}},"4":{"start":{"line":13,"column":10},"end":{"line":13,"column":32}},"5":{"start":{"line":14,"column":10},"end":{"line":14,"column":29}},"6":{"start":{"line":15,"column":10},"end":{"line":15,"column":35}},"7":{"start":{"line":25,"column":2},"end":{"line":29,"column":4}},"8":{"start":{"line":26,"column":4},"end":{"line":28,"column":5}},"9":{"start":{"line":27,"column":6},"end":{"line":27,"column":35}},"10":{"start":{"line":19,"column":4},"end":{"line":19,"column":24}},"11":{"start":{"line":20,"column":4},"end":{"line":20,"column":57}},"12":{"start":{"line":23,"column":4},"end":{"line":23,"column":60}},"13":{"start":{"line":32,"column":18},"end":{"line":32,"column":59}},"14":{"start":{"line":32,"column":45},"end":{"line":32,"column":50}},"15":{"start":{"line":33,"column":17},"end":{"line":33,"column":18}},"16":{"start":{"line":34,"column":19},"end":{"line":34,"column":53}},"17":{"start":{"line":35,"column":26},"end":{"line":35,"column":46}},"18":{"start":{"line":36,"column":4},"end":{"line":73,"column":6}},"19":{"start":{"line":42,"column":27},"end":{"line":42,"column":58}},"20":{"start":{"line":43,"column":32},"end":{"line":43,"column":65}},"21":{"start":{"line":44,"column":35},"end":{"line":44,"column":41}},"22":{"start":{"line":45,"column":14},"end":{"line":45,"column":29}},"23":{"start":{"line":46,"column":14},"end":{"line":59,"column":16}},"24":{"start":{"line":64,"column":14},"end":{"line":66,"column":null}},"25":{"start":{"line":4,"column":0},"end":{"line":4,"column":null}}},"fnMap":{"0":{"name":"(anonymous_0)","decl":{"start":{"line":4,"column":0},"end":{"line":4,"column":null}},"loc":{"start":{"line":4,"column":0},"end":{"line":75,"column":null}}},"1":{"name":"(anonymous_1)","decl":{"start":{"line":25,"column":17},"end":{"line":25,"column":20}},"loc":{"start":{"line":25,"column":22},"end":{"line":29,"column":3}}},"2":{"name":"(anonymous_2)","decl":{"start":{"line":18,"column":2},"end":{"line":18,"column":18}},"loc":{"start":{"line":18,"column":18},"end":{"line":21,"column":3}}},"3":{"name":"(anonymous_3)","decl":{"start":{"line":22,"column":2},"end":{"line":22,"column":22}},"loc":{"start":{"line":22,"column":22},"end":{"line":24,"column":3}}},"4":{"name":"(anonymous_4)","decl":{"start":{"line":31,"column":2},"end":{"line":31,"column":8}},"loc":{"start":{"line":31,"column":8},"end":{"line":74,"column":3}}},"5":{"name":"(anonymous_5)","decl":{"start":{"line":32,"column":35},"end":{"line":32,"column":36}},"loc":{"start":{"line":32,"column":45},"end":{"line":32,"column":50}}},"6":{"name":"(anonymous_6)","decl":{"start":{"line":41,"column":27},"end":{"line":41,"column":28}},"loc":{"start":{"line":41,"column":40},"end":{"line":60,"column":13}}},"7":{"name":"(anonymous_7)","decl":{"start":{"line":63,"column":29},"end":{"line":63,"column":30}},"loc":{"start":{"line":64,"column":14},"end":{"line":66,"column":null}}}},"branchMap":{"0":{"loc":{"start":{"line":26,"column":4},"end":{"line":28,"column":5}},"type":"if","locations":[{"start":{"line":26,"column":4},"end":{"line":28,"column":5}}]},"1":{"loc":{"start":{"line":32,"column":18},"end":{"line":32,"column":59}},"type":"binary-expr","locations":[{"start":{"line":32,"column":18},"end":{"line":32,"column":54}},{"start":{"line":32,"column":58},"end":{"line":32,"column":59}}]},"2":{"loc":{"start":{"line":38,"column":9},"end":{"line":38,"column":66}},"type":"binary-expr","locations":[{"start":{"line":38,"column":9},"end":{"line":38,"column":19}},{"start":{"line":38,"column":23},"end":{"line":38,"column":66}}]},"3":{"loc":{"start":{"line":53,"column":26},"end":{"line":53,"column":53}},"type":"binary-expr","locations":[{"start":{"line":53,"column":26},"end":{"line":53,"column":40}},{"start":{"line":53,"column":44},"end":{"line":53,"column":53}}]},"4":{"loc":{"start":{"line":65,"column":61},"end":{"line":65,"column":88}},"type":"binary-expr","locations":[{"start":{"line":65,"column":61},"end":{"line":65,"column":75}},{"start":{"line":65,"column":79},"end":{"line":65,"column":88}}]}},"s":{"0":1,"1":1,"2":5,"3":5,"4":5,"5":5,"6":5,"7":5,"8":5,"9":5,"10":5,"11":5,"12":4,"13":5,"14":0,"15":5,"16":5,"17":5,"18":5,"19":0,"20":0,"21":0,"22":0,"23":0,"24":0,"25":1},"f":{"0":5,"1":5,"2":5,"3":4,"4":5,"5":0,"6":0,"7":0},"b":{"0":[5],"1":[5,5],"2":[5,2],"3":[0,0],"4":[0,0]}}
,"C:\\Users\\ACER\\Desktop\\react-animated-charts\\src\\components\\line-chart\\line-chart.css": {"path":"C:\\Users\\ACER\\Desktop\\react-animated-charts\\src\\components\\line-chart\\line-chart.css","statementMap":{"0":{"start":{"line":1,"column":21},"end":{"line":1,"column":453}},"1":{"start":{"line":2,"column":0},"end":{"line":2,"column":30}}},"fnMap":{},"branchMap":{},"s":{"0":1,"1":1},"f":{},"b":{},"_coverageSchema":"1a1c01bbd47fc00a2c39e90264f33305004495a9","hash":"3db0d69ad7fcc930983db31fa0281a6203fcf97e"}
,"C:\\Users\\ACER\\Desktop\\react-animated-charts\\src\\components\\line-chart\\line-chart.tsx": {"path":"C:\\Users\\ACER\\Desktop\\react-animated-charts\\src\\components\\line-chart\\line-chart.tsx","statementMap":{"0":{"start":{"line":1,"column":0},"end":{"line":1,"column":60}},"1":{"start":{"line":2,"column":0},"end":{"line":2,"column":26}},"2":{"start":{"line":11,"column":10},"end":{"line":11,"column":30}},"3":{"start":{"line":12,"column":10},"end":{"line":12,"column":32}},"4":{"start":{"line":13,"column":10},"end":{"line":13,"column":36}},"5":{"start":{"line":14,"column":10},"end":{"line":14,"column":31}},"6":{"start":{"line":24,"column":2},"end":{"line":28,"column":4}},"7":{"start":{"line":25,"column":4},"end":{"line":27,"column":5}},"8":{"start":{"line":26,"column":6},"end":{"line":26,"column":35}},"9":{"start":{"line":18,"column":4},"end":{"line":18,"column":24}},"10":{"start":{"line":19,"column":4},"end":{"line":19,"column":57}},"11":{"start":{"line":22,"column":4},"end":{"line":22,"column":60}},"12":{"start":{"line":31,"column":16},"end":{"line":31,"column":41}},"13":{"start":{"line":32,"column":4},"end":{"line":32,"column":111}},"14":{"start":{"line":32,"column":35},"end":{"line":32,"column":99}},"15":{"start":{"line":36,"column":4},"end":{"line":66,"column":6}},"16":{"start":{"line":49,"column":14},"end":{"line":54,"column":null}},"17":{"start":{"line":60,"column":14},"end":{"line":60,"column":38}},"18":{"start":{"line":4,"column":0},"end":{"line":4,"column":null}}},"fnMap":{"0":{"name":"(anonymous_0)","decl":{"start":{"line":4,"column":0},"end":{"line":4,"column":null}},"loc":{"start":{"line":4,"column":0},"end":{"line":68,"column":null}}},"1":{"name":"(anonymous_1)","decl":{"start":{"line":24,"column":17},"end":{"line":24,"column":20}},"loc":{"start":{"line":24,"column":22},"end":{"line":28,"column":3}}},"2":{"name":"(anonymous_2)","decl":{"start":{"line":17,"column":2},"end":{"line":17,"column":18}},"loc":{"start":{"line":17,"column":18},"end":{"line":20,"column":3}}},"3":{"name":"(anonymous_3)","decl":{"start":{"line":21,"column":2},"end":{"line":21,"column":22}},"loc":{"start":{"line":21,"column":22},"end":{"line":23,"column":3}}},"4":{"name":"(anonymous_4)","decl":{"start":{"line":30,"column":2},"end":{"line":30,"column":11}},"loc":{"start":{"line":30,"column":11},"end":{"line":33,"column":3}}},"5":{"name":"(anonymous_5)","decl":{"start":{"line":32,"column":25},"end":{"line":32,"column":26}},"loc":{"start":{"line":32,"column":35},"end":{"line":32,"column":99}}},"6":{"name":"(anonymous_6)","decl":{"start":{"line":35,"column":2},"end":{"line":35,"column":8}},"loc":{"start":{"line":35,"column":8},"end":{"line":67,"column":3}}},"7":{"name":"(anonymous_7)","decl":{"start":{"line":48,"column":27},"end":{"line":48,"column":28}},"loc":{"start":{"line":49,"column":14},"end":{"line":54,"column":null}}},"8":{"name":"(anonymous_8)","decl":{"start":{"line":59,"column":29},"end":{"line":59,"column":30}},"loc":{"start":{"line":60,"column":14},"end":{"line":60,"column":38}}}},"branchMap":{"0":{"loc":{"start":{"line":25,"column":4},"end":{"line":27,"column":5}},"type":"if","locations":[{"start":{"line":25,"column":4},"end":{"line":27,"column":5}}]},"1":{"loc":{"start":{"line":38,"column":9},"end":{"line":38,"column":66}},"type":"binary-expr","locations":[{"start":{"line":38,"column":9},"end":{"line":38,"column":19}},{"start":{"line":38,"column":23},"end":{"line":38,"column":66}}]}},"s":{"0":1,"1":1,"2":5,"3":5,"4":5,"5":5,"6":5,"7":5,"8":5,"9":5,"10":5,"11":4,"12":5,"13":5,"14":0,"15":5,"16":0,"17":0,"18":1},"f":{"0":5,"1":5,"2":5,"3":4,"4":5,"5":0,"6":5,"7":0,"8":0},"b":{"0":[5],"1":[5,2]}}
}
