TN:
SF:src\components\area-chart\area-chart.css
FNF:0
FNH:0
DA:1,1
DA:2,1
LF:2
LH:2
BRF:0
BRH:0
end_of_record
TN:
SF:src\components\area-chart\area-chart.tsx
FN:4,(anonymous_0)
FN:24,(anonymous_1)
FN:17,(anonymous_2)
FN:21,(anonymous_3)
FN:30,(anonymous_4)
FN:42,(anonymous_5)
FN:45,(anonymous_6)
FN:48,(anonymous_7)
FN:53,(anonymous_8)
FN:75,(anonymous_9)
FNF:10
FNH:10
FNDA:5,(anonymous_0)
FNDA:5,(anonymous_1)
FNDA:5,(anonymous_2)
FNDA:4,(anonymous_3)
FNDA:20,(anonymous_4)
FNDA:10,(anonymous_5)
FNDA:18,(anonymous_6)
FNDA:5,(anonymous_7)
FNDA:5,(anonymous_8)
FNDA:9,(anonymous_9)
DA:1,1
DA:2,1
DA:4,1
DA:11,5
DA:12,5
DA:13,5
DA:14,5
DA:18,5
DA:19,5
DA:22,4
DA:24,5
DA:25,5
DA:26,5
DA:31,20
DA:32,0
DA:33,0
DA:34,0
DA:36,0
DA:39,0
DA:43,10
DA:44,10
DA:45,18
DA:49,5
DA:50,5
DA:54,5
DA:55,5
DA:56,5
DA:76,9
LF:28
LH:23
BRDA:25,0,0,5
BRDA:31,1,0,20
BRDA:32,2,0,0
BRDA:58,3,0,5
BRDA:58,3,1,2
BRF:5
BRH:4
end_of_record
TN:
SF:src\components\bar-chart\bar-chart.css
FNF:0
FNH:0
DA:1,1
DA:2,1
LF:2
LH:2
BRF:0
BRH:0
end_of_record
TN:
SF:src\components\bar-chart\bar-chart.tsx
FN:4,(anonymous_0)
FN:15,(anonymous_1)
FN:27,(anonymous_2)
FN:36,(anonymous_3)
FNF:4
FNH:4
FNDA:5,(anonymous_0)
FNDA:15,(anonymous_1)
FNDA:5,(anonymous_2)
FNDA:9,(anonymous_3)
DA:1,1
DA:2,1
DA:4,1
DA:10,5
DA:11,5
DA:12,5
DA:13,5
DA:16,15
DA:17,0
DA:18,0
DA:19,0
DA:21,0
DA:24,0
DA:28,5
DA:29,5
DA:30,5
DA:31,5
DA:32,5
DA:37,9
LF:19
LH:14
BRDA:16,0,0,15
BRDA:17,1,0,0
BRDA:34,2,0,5
BRDA:34,2,1,0
BRDA:37,3,0,9
BRDA:37,3,1,0
BRDA:42,4,0,9
BRDA:42,4,1,7
BRF:8
BRH:5
end_of_record
TN:
SF:src\components\donut-chart\donut-chart.css
FNF:0
FNH:0
DA:1,1
DA:2,1
LF:2
LH:2
BRF:0
BRH:0
end_of_record
TN:
SF:src\components\donut-chart\donut-chart.tsx
FN:4,(anonymous_0)
FN:25,(anonymous_1)
FN:18,(anonymous_2)
FN:22,(anonymous_3)
FN:31,(anonymous_4)
FN:43,(anonymous_5)
FN:47,(anonymous_6)
FN:56,(anonymous_7)
FN:78,(anonymous_8)
FNF:9
FNH:9
FNDA:5,(anonymous_0)
FNDA:5,(anonymous_1)
FNDA:5,(anonymous_2)
FNDA:4,(anonymous_3)
FNDA:15,(anonymous_4)
FNDA:5,(anonymous_5)
FNDA:9,(anonymous_6)
FNDA:9,(anonymous_7)
FNDA:9,(anonymous_8)
DA:1,1
DA:2,1
DA:4,1
DA:11,5
DA:12,5
DA:13,5
DA:14,5
DA:15,5
DA:19,5
DA:20,5
DA:23,4
DA:25,5
DA:26,5
DA:27,5
DA:32,15
DA:33,0
DA:34,0
DA:35,0
DA:37,0
DA:40,0
DA:44,5
DA:45,5
DA:46,5
DA:47,9
DA:48,5
DA:49,5
DA:50,5
DA:51,5
DA:57,9
DA:58,9
DA:59,9
DA:60,9
DA:61,9
DA:79,9
LF:34
LH:29
BRDA:26,0,0,5
BRDA:32,1,0,15
BRDA:33,2,0,0
BRDA:47,3,0,5
BRDA:47,3,1,1
BRDA:53,4,0,5
BRDA:53,4,1,2
BRDA:68,5,0,9
BRDA:68,5,1,7
BRDA:80,6,0,9
BRDA:80,6,1,7
BRF:11
BRH:10
end_of_record
TN:
SF:src\components\line-chart\line-chart.css
FNF:0
FNH:0
DA:1,1
DA:2,1
LF:2
LH:2
BRF:0
BRH:0
end_of_record
TN:
SF:src\components\line-chart\line-chart.tsx
FN:4,(anonymous_0)
FN:24,(anonymous_1)
FN:17,(anonymous_2)
FN:21,(anonymous_3)
FN:30,(anonymous_4)
FN:42,(anonymous_5)
FN:45,(anonymous_6)
FN:48,(anonymous_7)
FN:63,(anonymous_8)
FN:74,(anonymous_9)
FNF:10
FNH:10
FNDA:5,(anonymous_0)
FNDA:5,(anonymous_1)
FNDA:5,(anonymous_2)
FNDA:4,(anonymous_3)
FNDA:15,(anonymous_4)
FNDA:5,(anonymous_5)
FNDA:9,(anonymous_6)
FNDA:5,(anonymous_7)
FNDA:9,(anonymous_8)
FNDA:9,(anonymous_9)
DA:1,1
DA:2,1
DA:4,1
DA:11,5
DA:12,5
DA:13,5
DA:14,5
DA:18,5
DA:19,5
DA:22,4
DA:24,5
DA:25,5
DA:26,5
DA:31,15
DA:32,0
DA:33,0
DA:34,0
DA:36,0
DA:39,0
DA:43,5
DA:44,5
DA:45,9
DA:49,5
DA:50,5
DA:51,5
DA:64,9
DA:75,9
LF:27
LH:22
BRDA:25,0,0,5
BRDA:31,1,0,15
BRDA:32,2,0,0
BRDA:53,3,0,5
BRDA:53,3,1,2
BRF:5
BRH:4
end_of_record
