TN:
SF:src\components\area-chart\area-chart.css
FNF:0
FNH:0
DA:1,1
DA:2,1
LF:2
LH:2
BRF:0
BRH:0
end_of_record
TN:
SF:src\components\area-chart\area-chart.tsx
FN:4,(anonymous_0)
FN:24,(anonymous_1)
FN:17,(anonymous_2)
FN:21,(anonymous_3)
FN:30,(anonymous_4)
FN:32,(anonymous_5)
FN:35,(anonymous_6)
FN:40,(anonymous_7)
FN:60,(anonymous_8)
FNF:9
FNH:7
FNDA:5,(anonymous_0)
FNDA:5,(anonymous_1)
FNDA:5,(anonymous_2)
FNDA:4,(anonymous_3)
FNDA:10,(anonymous_4)
FNDA:0,(anonymous_5)
FNDA:5,(anonymous_6)
FNDA:5,(anonymous_7)
FNDA:0,(anonymous_8)
DA:1,1
DA:2,1
DA:4,1
DA:11,5
DA:12,5
DA:13,5
DA:14,5
DA:18,5
DA:19,5
DA:22,4
DA:24,5
DA:25,5
DA:26,5
DA:31,10
DA:32,10
DA:36,5
DA:37,5
DA:41,5
DA:61,0
LF:19
LH:18
BRDA:25,0,0,5
BRDA:43,1,0,5
BRDA:43,1,1,2
BRF:3
BRH:3
end_of_record
TN:
SF:src\components\bar-chart\bar-chart.css
FNF:0
FNH:0
DA:1,1
DA:2,1
LF:2
LH:2
BRF:0
BRH:0
end_of_record
TN:
SF:src\components\bar-chart\bar-chart.tsx
FN:4,(anonymous_0)
FN:15,(anonymous_1)
FN:19,(anonymous_2)
FNF:3
FNH:2
FNDA:5,(anonymous_0)
FNDA:5,(anonymous_1)
FNDA:0,(anonymous_2)
DA:1,1
DA:2,1
DA:4,1
DA:10,5
DA:11,5
DA:12,5
DA:13,5
DA:16,5
DA:17,5
DA:20,0
LF:10
LH:9
BRDA:25,0,0,0
BRDA:25,0,1,0
BRF:2
BRH:0
end_of_record
TN:
SF:src\components\donut-chart\donut-chart.css
FNF:0
FNH:0
DA:1,1
DA:2,1
LF:2
LH:2
BRF:0
BRH:0
end_of_record
TN:
SF:src\components\donut-chart\donut-chart.tsx
FN:4,(anonymous_0)
FN:25,(anonymous_1)
FN:18,(anonymous_2)
FN:22,(anonymous_3)
FN:31,(anonymous_4)
FN:32,(anonymous_5)
FN:41,(anonymous_6)
FN:63,(anonymous_7)
FNF:8
FNH:5
FNDA:5,(anonymous_0)
FNDA:5,(anonymous_1)
FNDA:5,(anonymous_2)
FNDA:4,(anonymous_3)
FNDA:5,(anonymous_4)
FNDA:0,(anonymous_5)
FNDA:0,(anonymous_6)
FNDA:0,(anonymous_7)
DA:1,1
DA:2,1
DA:4,1
DA:11,5
DA:12,5
DA:13,5
DA:14,5
DA:15,5
DA:19,5
DA:20,5
DA:23,4
DA:25,5
DA:26,5
DA:27,5
DA:32,5
DA:33,5
DA:34,5
DA:35,5
DA:36,5
DA:42,0
DA:43,0
DA:44,0
DA:45,0
DA:46,0
DA:64,0
LF:25
LH:19
BRDA:26,0,0,5
BRDA:32,1,0,5
BRDA:32,1,1,5
BRDA:38,2,0,5
BRDA:38,2,1,2
BRDA:53,3,0,0
BRDA:53,3,1,0
BRDA:65,4,0,0
BRDA:65,4,1,0
BRF:9
BRH:5
end_of_record
TN:
SF:src\components\line-chart\line-chart.css
FNF:0
FNH:0
DA:1,1
DA:2,1
LF:2
LH:2
BRF:0
BRH:0
end_of_record
TN:
SF:src\components\line-chart\line-chart.tsx
FN:4,(anonymous_0)
FN:24,(anonymous_1)
FN:17,(anonymous_2)
FN:21,(anonymous_3)
FN:30,(anonymous_4)
FN:32,(anonymous_5)
FN:35,(anonymous_6)
FN:48,(anonymous_7)
FN:59,(anonymous_8)
FNF:9
FNH:6
FNDA:5,(anonymous_0)
FNDA:5,(anonymous_1)
FNDA:5,(anonymous_2)
FNDA:4,(anonymous_3)
FNDA:5,(anonymous_4)
FNDA:0,(anonymous_5)
FNDA:5,(anonymous_6)
FNDA:0,(anonymous_7)
FNDA:0,(anonymous_8)
DA:1,1
DA:2,1
DA:4,1
DA:11,5
DA:12,5
DA:13,5
DA:14,5
DA:18,5
DA:19,5
DA:22,4
DA:24,5
DA:25,5
DA:26,5
DA:31,5
DA:32,5
DA:36,5
DA:49,0
DA:60,0
LF:18
LH:16
BRDA:25,0,0,5
BRDA:38,1,0,5
BRDA:38,1,1,2
BRF:3
BRH:3
end_of_record
